SF:/home/jc/git/fhir-autotest/fhir-ig-test-generator/src/config/models.rs
FN:325,_RNvMs0_NtNtCsjv21AyyWKm0_13fhir_autotest6config6modelsNtB5_9TlsConfig11from_server
FN:341,_RNvMs0_NtNtCsjv21AyyWKm0_13fhir_autotest6config6modelsNtB5_9TlsConfig12build_client
FN:333,_RNvMs0_NtNtCsjv21AyyWKm0_13fhir_autotest6config6modelsNtB5_9TlsConfig15from_repository
FN:479,_RNvMs1_NtNtCsjv21AyyWKm0_13fhir_autotest6config6modelsNtB5_10TestConfig13load_fixtures
FN:511,_RNvMs1_NtNtCsjv21AyyWKm0_13fhir_autotest6config6modelsNtB5_10TestConfig14write_endpoint
FN:417,_RNvMs1_NtNtCsjv21AyyWKm0_13fhir_autotest6config6modelsNtB5_10TestConfig4load
FN:69,_RNvNtNtCsjv21AyyWKm0_13fhir_autotest6config6models13validate_path
FN:183,_RNvNtNtCsjv21AyyWKm0_13fhir_autotest6config6models14default_output
FN:34,_RNvNtNtCsjv21AyyWKm0_13fhir_autotest6config6models16resolve_env_vars
FN:187,_RNvNtNtCsjv21AyyWKm0_13fhir_autotest6config6models17default_mock_port
FN:298,_RNvNtNtCsjv21AyyWKm0_13fhir_autotest6config6models18default_tls_verify
FN:294,_RNvNtNtCsjv21AyyWKm0_13fhir_autotest6config6models19default_concurrency
FN:95,_RNvNtNtCsjv21AyyWKm0_13fhir_autotest6config6models20validate_output_path
FN:21,_RNvXNtNtCsjv21AyyWKm0_13fhir_autotest6config6modelsNtB2_12UploadMethodNtNtCs27Vx93FoQ6z_4core3fmt7Display3fmt
FN:315,_RNvXs_NtNtCsjv21AyyWKm0_13fhir_autotest6config6modelsNtB4_9TlsConfigNtNtCs27Vx93FoQ6z_4core7default7Default7default
FN:350,_RNCNvMs0_NtNtCsjv21AyyWKm0_13fhir_autotest6config6modelsNtB7_9TlsConfig12build_client0Bb_
FN:352,_RNCNvMs0_NtNtCsjv21AyyWKm0_13fhir_autotest6config6modelsNtB7_9TlsConfig12build_clients_0Bb_
FN:484,_RNCNvMs1_NtNtCsjv21AyyWKm0_13fhir_autotest6config6modelsNtB7_10TestConfig13load_fixtures0Bb_
FN:492,_RNCNvMs1_NtNtCsjv21AyyWKm0_13fhir_autotest6config6modelsNtB7_10TestConfig13load_fixturess_0Bb_
FN:452,_RNCNvMs1_NtNtCsjv21AyyWKm0_13fhir_autotest6config6modelsNtB7_10TestConfig4load0Bb_
FN:460,_RNCNvMs1_NtNtCsjv21AyyWKm0_13fhir_autotest6config6modelsNtB7_10TestConfig4loads_0Bb_
FN:72,_RNCNvNtNtCsjv21AyyWKm0_13fhir_autotest6config6models13validate_path0B7_
FN:73,_RNCNvNtNtCsjv21AyyWKm0_13fhir_autotest6config6models13validate_paths_0B7_
FN:103,_RNCNvNtNtCsjv21AyyWKm0_13fhir_autotest6config6models20validate_output_path0B7_
FN:566,_RNvNtNtNtCsl0WY4FsqnHe_13fhir_autotest6config6models5testss_17parse_config_toml
FN:607,_RNvNtNtNtCsl0WY4FsqnHe_13fhir_autotest6config6models5testss_21parse_config_defaults
FN:624,_RNvNtNtNtCsl0WY4FsqnHe_13fhir_autotest6config6models5testss_22parse_config_with_mock
FN:742,_RNvNtNtNtCsl0WY4FsqnHe_13fhir_autotest6config6models5testss_25upload_method_can_be_post
FN:758,_RNvNtNtNtCsl0WY4FsqnHe_13fhir_autotest6config6models5testss_27concurrency_defaults_to_one
FN:656,_RNvNtNtNtCsl0WY4FsqnHe_13fhir_autotest6config6models5testss_28parse_config_with_repository
FN:773,_RNvNtNtNtCsl0WY4FsqnHe_13fhir_autotest6config6models5testss_29concurrency_can_be_configured
FN:727,_RNvNtNtNtCsl0WY4FsqnHe_13fhir_autotest6config6models5testss_29upload_method_defaults_to_put
FN:825,_RNvNtNtNtCsl0WY4FsqnHe_13fhir_autotest6config6models5testss_30resolve_env_vars_multiple_vars
FN:638,_RNvNtNtNtCsl0WY4FsqnHe_13fhir_autotest6config6models5testss_31parse_config_with_generate_only
FN:818,_RNvNtNtNtCsl0WY4FsqnHe_13fhir_autotest6config6models5testss_31resolve_env_vars_empty_var_name
FN:812,_RNvNtNtNtCsl0WY4FsqnHe_13fhir_autotest6config6models5testss_31resolve_env_vars_no_placeholder
FN:930,_RNvNtNtNtCsl0WY4FsqnHe_13fhir_autotest6config6models5testss_31validate_path_rejects_traversal
FN:796,_RNvNtNtNtCsl0WY4FsqnHe_13fhir_autotest6config6models5testss_35resolve_env_vars_leaves_unknown_var
FN:789,_RNvNtNtNtCsl0WY4FsqnHe_13fhir_autotest6config6models5testss_35resolve_env_vars_replaces_known_var
FN:677,_RNvNtNtNtCsl0WY4FsqnHe_13fhir_autotest6config6models5testss_35write_endpoint_falls_back_to_server
FN:966,_RNvNtNtNtCsl0WY4FsqnHe_13fhir_autotest6config6models5testss_36load_config_rejects_output_traversal
FN:860,_RNvNtNtNtCsl0WY4FsqnHe_13fhir_autotest6config6models5testss_37load_config_credential_file_overrides
FN:950,_RNvNtNtNtCsl0WY4FsqnHe_13fhir_autotest6config6models5testss_38validate_output_path_rejects_traversal
FN:802,_RNvNtNtNtCsl0WY4FsqnHe_13fhir_autotest6config6models5testss_40resolve_env_vars_mixed_plaintext_and_env
FN:1012,_RNvNtNtNtCsl0WY4FsqnHe_13fhir_autotest6config6models5testss_42load_config_rejects_fixtures_dir_traversal
FN:835,_RNvNtNtNtCsl0WY4FsqnHe_13fhir_autotest6config6models5testss_43load_config_resolves_env_vars_in_repository
FN:899,_RNvNtNtNtCsl0WY4FsqnHe_13fhir_autotest6config6models5testss_44load_config_credential_file_partial_override
FN:698,_RNvNtNtNtCsl0WY4FsqnHe_13fhir_autotest6config6models5testss_46write_endpoint_uses_repository_when_configured
FN:990,_RNvNtNtNtCsl0WY4FsqnHe_13fhir_autotest6config6models5testss_50load_config_rejects_capability_statement_traversal
FN:350,_RNCNvMs0_NtNtCsl0WY4FsqnHe_13fhir_autotest6config6modelsNtB7_9TlsConfig12build_client0Bb_
FN:352,_RNCNvMs0_NtNtCsl0WY4FsqnHe_13fhir_autotest6config6modelsNtB7_9TlsConfig12build_clients_0Bb_
FN:484,_RNCNvMs1_NtNtCsl0WY4FsqnHe_13fhir_autotest6config6modelsNtB7_10TestConfig13load_fixtures0Bb_
FN:492,_RNCNvMs1_NtNtCsl0WY4FsqnHe_13fhir_autotest6config6modelsNtB7_10TestConfig13load_fixturess_0Bb_
FN:452,_RNCNvMs1_NtNtCsl0WY4FsqnHe_13fhir_autotest6config6modelsNtB7_10TestConfig4load0Bb_
FN:460,_RNCNvMs1_NtNtCsl0WY4FsqnHe_13fhir_autotest6config6modelsNtB7_10TestConfig4loads_0Bb_
FN:72,_RNCNvNtNtCsl0WY4FsqnHe_13fhir_autotest6config6models13validate_path0B7_
FN:73,_RNCNvNtNtCsl0WY4FsqnHe_13fhir_autotest6config6models13validate_paths_0B7_
FN:103,_RNCNvNtNtCsl0WY4FsqnHe_13fhir_autotest6config6models20validate_output_path0B7_
FN:325,_RNvMs0_NtNtCsl0WY4FsqnHe_13fhir_autotest6config6modelsNtB5_9TlsConfig11from_server
FN:341,_RNvMs0_NtNtCsl0WY4FsqnHe_13fhir_autotest6config6modelsNtB5_9TlsConfig12build_client
FN:333,_RNvMs0_NtNtCsl0WY4FsqnHe_13fhir_autotest6config6modelsNtB5_9TlsConfig15from_repository
FN:479,_RNvMs1_NtNtCsl0WY4FsqnHe_13fhir_autotest6config6modelsNtB5_10TestConfig13load_fixtures
FN:511,_RNvMs1_NtNtCsl0WY4FsqnHe_13fhir_autotest6config6modelsNtB5_10TestConfig14write_endpoint
FN:417,_RNvMs1_NtNtCsl0WY4FsqnHe_13fhir_autotest6config6modelsNtB5_10TestConfig4load
FN:69,_RNvNtNtCsl0WY4FsqnHe_13fhir_autotest6config6models13validate_path
FN:183,_RNvNtNtCsl0WY4FsqnHe_13fhir_autotest6config6models14default_output
FN:34,_RNvNtNtCsl0WY4FsqnHe_13fhir_autotest6config6models16resolve_env_vars
FN:187,_RNvNtNtCsl0WY4FsqnHe_13fhir_autotest6config6models17default_mock_port
FN:298,_RNvNtNtCsl0WY4FsqnHe_13fhir_autotest6config6models18default_tls_verify
FN:294,_RNvNtNtCsl0WY4FsqnHe_13fhir_autotest6config6models19default_concurrency
FN:95,_RNvNtNtCsl0WY4FsqnHe_13fhir_autotest6config6models20validate_output_path
FN:21,_RNvXNtNtCsl0WY4FsqnHe_13fhir_autotest6config6modelsNtB2_12UploadMethodNtNtCs27Vx93FoQ6z_4core3fmt7Display3fmt
FN:315,_RNvXs_NtNtCsl0WY4FsqnHe_13fhir_autotest6config6modelsNtB4_9TlsConfigNtNtCs27Vx93FoQ6z_4core7default7Default7default
FNDA:4,_RNvMs0_NtNtCsjv21AyyWKm0_13fhir_autotest6config6modelsNtB5_9TlsConfig11from_server
FNDA:4,_RNvMs0_NtNtCsjv21AyyWKm0_13fhir_autotest6config6modelsNtB5_9TlsConfig12build_client
FNDA:0,_RNvMs0_NtNtCsjv21AyyWKm0_13fhir_autotest6config6modelsNtB5_9TlsConfig15from_repository
FNDA:20,_RNvMs1_NtNtCsjv21AyyWKm0_13fhir_autotest6config6modelsNtB5_10TestConfig13load_fixtures
FNDA:4,_RNvMs1_NtNtCsjv21AyyWKm0_13fhir_autotest6config6modelsNtB5_10TestConfig14write_endpoint
FNDA:17,_RNvMs1_NtNtCsjv21AyyWKm0_13fhir_autotest6config6modelsNtB5_10TestConfig4load
FNDA:0,_RNvNtNtCsjv21AyyWKm0_13fhir_autotest6config6models13validate_path
FNDA:0,_RNvNtNtCsjv21AyyWKm0_13fhir_autotest6config6models14default_output
FNDA:0,_RNvNtNtCsjv21AyyWKm0_13fhir_autotest6config6models16resolve_env_vars
FNDA:16,_RNvNtNtCsjv21AyyWKm0_13fhir_autotest6config6models17default_mock_port
FNDA:16,_RNvNtNtCsjv21AyyWKm0_13fhir_autotest6config6models18default_tls_verify
FNDA:4,_RNvNtNtCsjv21AyyWKm0_13fhir_autotest6config6models19default_concurrency
FNDA:16,_RNvNtNtCsjv21AyyWKm0_13fhir_autotest6config6models20validate_output_path
FNDA:10,_RNvXNtNtCsjv21AyyWKm0_13fhir_autotest6config6modelsNtB2_12UploadMethodNtNtCs27Vx93FoQ6z_4core3fmt7Display3fmt
FNDA:0,_RNvXs_NtNtCsjv21AyyWKm0_13fhir_autotest6config6modelsNtB4_9TlsConfigNtNtCs27Vx93FoQ6z_4core7default7Default7default
FNDA:0,_RNCNvMs0_NtNtCsjv21AyyWKm0_13fhir_autotest6config6modelsNtB7_9TlsConfig12build_client0Bb_
FNDA:0,_RNCNvMs0_NtNtCsjv21AyyWKm0_13fhir_autotest6config6modelsNtB7_9TlsConfig12build_clients_0Bb_
FNDA:0,_RNCNvMs1_NtNtCsjv21AyyWKm0_13fhir_autotest6config6modelsNtB7_10TestConfig13load_fixtures0Bb_
FNDA:0,_RNCNvMs1_NtNtCsjv21AyyWKm0_13fhir_autotest6config6modelsNtB7_10TestConfig13load_fixturess_0Bb_
FNDA:0,_RNCNvMs1_NtNtCsjv21AyyWKm0_13fhir_autotest6config6modelsNtB7_10TestConfig4load0Bb_
FNDA:0,_RNCNvMs1_NtNtCsjv21AyyWKm0_13fhir_autotest6config6modelsNtB7_10TestConfig4loads_0Bb_
FNDA:0,_RNCNvNtNtCsjv21AyyWKm0_13fhir_autotest6config6models13validate_path0B7_
FNDA:0,_RNCNvNtNtCsjv21AyyWKm0_13fhir_autotest6config6models13validate_paths_0B7_
FNDA:0,_RNCNvNtNtCsjv21AyyWKm0_13fhir_autotest6config6models20validate_output_path0B7_
FNDA:1,_RNvNtNtNtCsl0WY4FsqnHe_13fhir_autotest6config6models5testss_17parse_config_toml
FNDA:1,_RNvNtNtNtCsl0WY4FsqnHe_13fhir_autotest6config6models5testss_21parse_config_defaults
FNDA:1,_RNvNtNtNtCsl0WY4FsqnHe_13fhir_autotest6config6models5testss_22parse_config_with_mock
FNDA:1,_RNvNtNtNtCsl0WY4FsqnHe_13fhir_autotest6config6models5testss_25upload_method_can_be_post
FNDA:1,_RNvNtNtNtCsl0WY4FsqnHe_13fhir_autotest6config6models5testss_27concurrency_defaults_to_one
FNDA:1,_RNvNtNtNtCsl0WY4FsqnHe_13fhir_autotest6config6models5testss_28parse_config_with_repository
FNDA:1,_RNvNtNtNtCsl0WY4FsqnHe_13fhir_autotest6config6models5testss_29concurrency_can_be_configured
FNDA:1,_RNvNtNtNtCsl0WY4FsqnHe_13fhir_autotest6config6models5testss_29upload_method_defaults_to_put
FNDA:1,_RNvNtNtNtCsl0WY4FsqnHe_13fhir_autotest6config6models5testss_30resolve_env_vars_multiple_vars
FNDA:1,_RNvNtNtNtCsl0WY4FsqnHe_13fhir_autotest6config6models5testss_31parse_config_with_generate_only
FNDA:1,_RNvNtNtNtCsl0WY4FsqnHe_13fhir_autotest6config6models5testss_31resolve_env_vars_empty_var_name
FNDA:1,_RNvNtNtNtCsl0WY4FsqnHe_13fhir_autotest6config6models5testss_31resolve_env_vars_no_placeholder
FNDA:1,_RNvNtNtNtCsl0WY4FsqnHe_13fhir_autotest6config6models5testss_31validate_path_rejects_traversal
FNDA:1,_RNvNtNtNtCsl0WY4FsqnHe_13fhir_autotest6config6models5testss_35resolve_env_vars_leaves_unknown_var
FNDA:1,_RNvNtNtNtCsl0WY4FsqnHe_13fhir_autotest6config6models5testss_35resolve_env_vars_replaces_known_var
FNDA:1,_RNvNtNtNtCsl0WY4FsqnHe_13fhir_autotest6config6models5testss_35write_endpoint_falls_back_to_server
FNDA:1,_RNvNtNtNtCsl0WY4FsqnHe_13fhir_autotest6config6models5testss_36load_config_rejects_output_traversal
FNDA:1,_RNvNtNtNtCsl0WY4FsqnHe_13fhir_autotest6config6models5testss_37load_config_credential_file_overrides
FNDA:1,_RNvNtNtNtCsl0WY4FsqnHe_13fhir_autotest6config6models5testss_38validate_output_path_rejects_traversal
FNDA:1,_RNvNtNtNtCsl0WY4FsqnHe_13fhir_autotest6config6models5testss_40resolve_env_vars_mixed_plaintext_and_env
FNDA:1,_RNvNtNtNtCsl0WY4FsqnHe_13fhir_autotest6config6models5testss_42load_config_rejects_fixtures_dir_traversal
FNDA:1,_RNvNtNtNtCsl0WY4FsqnHe_13fhir_autotest6config6models5testss_43load_config_resolves_env_vars_in_repository
FNDA:1,_RNvNtNtNtCsl0WY4FsqnHe_13fhir_autotest6config6models5testss_44load_config_credential_file_partial_override
FNDA:1,_RNvNtNtNtCsl0WY4FsqnHe_13fhir_autotest6config6models5testss_46write_endpoint_uses_repository_when_configured
FNDA:1,_RNvNtNtNtCsl0WY4FsqnHe_13fhir_autotest6config6models5testss_50load_config_rejects_capability_statement_traversal
FNDA:0,_RNCNvMs0_NtNtCsl0WY4FsqnHe_13fhir_autotest6config6modelsNtB7_9TlsConfig12build_client0Bb_
FNDA:0,_RNCNvMs0_NtNtCsl0WY4FsqnHe_13fhir_autotest6config6modelsNtB7_9TlsConfig12build_clients_0Bb_
FNDA:0,_RNCNvMs1_NtNtCsl0WY4FsqnHe_13fhir_autotest6config6modelsNtB7_10TestConfig13load_fixtures0Bb_
FNDA:0,_RNCNvMs1_NtNtCsl0WY4FsqnHe_13fhir_autotest6config6modelsNtB7_10TestConfig13load_fixturess_0Bb_
FNDA:0,_RNCNvMs1_NtNtCsl0WY4FsqnHe_13fhir_autotest6config6modelsNtB7_10TestConfig4load0Bb_
FNDA:0,_RNCNvMs1_NtNtCsl0WY4FsqnHe_13fhir_autotest6config6modelsNtB7_10TestConfig4loads_0Bb_
FNDA:3,_RNCNvNtNtCsl0WY4FsqnHe_13fhir_autotest6config6models13validate_path0B7_
FNDA:0,_RNCNvNtNtCsl0WY4FsqnHe_13fhir_autotest6config6models13validate_paths_0B7_
FNDA:0,_RNCNvNtNtCsl0WY4FsqnHe_13fhir_autotest6config6models20validate_output_path0B7_
FNDA:9,_RNvMs0_NtNtCsl0WY4FsqnHe_13fhir_autotest6config6modelsNtB5_9TlsConfig11from_server
FNDA:43,_RNvMs0_NtNtCsl0WY4FsqnHe_13fhir_autotest6config6modelsNtB5_9TlsConfig12build_client
FNDA:1,_RNvMs0_NtNtCsl0WY4FsqnHe_13fhir_autotest6config6modelsNtB5_9TlsConfig15from_repository
FNDA:16,_RNvMs1_NtNtCsl0WY4FsqnHe_13fhir_autotest6config6modelsNtB5_10TestConfig13load_fixtures
FNDA:10,_RNvMs1_NtNtCsl0WY4FsqnHe_13fhir_autotest6config6modelsNtB5_10TestConfig14write_endpoint
FNDA:6,_RNvMs1_NtNtCsl0WY4FsqnHe_13fhir_autotest6config6modelsNtB5_10TestConfig4load
FNDA:6,_RNvNtNtCsl0WY4FsqnHe_13fhir_autotest6config6models13validate_path
FNDA:15,_RNvNtNtCsl0WY4FsqnHe_13fhir_autotest6config6models14default_output
FNDA:17,_RNvNtNtCsl0WY4FsqnHe_13fhir_autotest6config6models16resolve_env_vars
FNDA:16,_RNvNtNtCsl0WY4FsqnHe_13fhir_autotest6config6models17default_mock_port
FNDA:26,_RNvNtNtCsl0WY4FsqnHe_13fhir_autotest6config6models18default_tls_verify
FNDA:29,_RNvNtNtCsl0WY4FsqnHe_13fhir_autotest6config6models19default_concurrency
FNDA:7,_RNvNtNtCsl0WY4FsqnHe_13fhir_autotest6config6models20validate_output_path
FNDA:16,_RNvXNtNtCsl0WY4FsqnHe_13fhir_autotest6config6modelsNtB2_12UploadMethodNtNtCs27Vx93FoQ6z_4core3fmt7Display3fmt
FNDA:38,_RNvXs_NtNtCsl0WY4FsqnHe_13fhir_autotest6config6modelsNtB4_9TlsConfigNtNtCs27Vx93FoQ6z_4core7default7Default7default
FNF:49
FNH:41
DA:21,26
DA:22,26
DA:23,26
DA:24,0
DA:26,26
DA:34,17
DA:35,17
DA:36,17
DA:37,28
DA:39,11
DA:40,11
DA:41,11
DA:42,11
DA:43,11
DA:44,9
DA:45,2
DA:46,2
DA:47,2
DA:48,2
DA:49,2
DA:51,11
DA:52,0
DA:53,0
DA:54,0
DA:55,0
DA:57,17
DA:58,17
DA:59,17
DA:69,6
DA:70,6
DA:71,6
DA:72,6
DA:73,3
DA:74,0
DA:76,0
DA:78,0
DA:79,3
DA:80,0
DA:82,0
DA:83,0
DA:85,3
DA:86,3
DA:87,6
DA:95,23
DA:96,23
DA:97,14
DA:98,9
DA:99,9
DA:100,9
DA:102,9
DA:103,9
DA:104,0
DA:106,0
DA:108,0
DA:109,9
DA:110,9
DA:111,2
DA:113,2
DA:115,7
DA:116,7
DA:117,23
DA:183,15
DA:184,15
DA:185,15
DA:187,32
DA:188,32
DA:189,32
DA:294,33
DA:295,33
DA:296,33
DA:298,42
DA:299,42
DA:300,42
DA:315,38
DA:316,38
DA:317,38
DA:318,38
DA:319,38
DA:320,38
DA:325,13
DA:326,13
DA:327,13
DA:328,13
DA:329,13
DA:330,13
DA:333,1
DA:334,1
DA:335,1
DA:336,1
DA:337,1
DA:338,1
DA:341,47
DA:342,47
DA:343,47
DA:344,47
DA:345,47
DA:346,0
DA:347,47
DA:348,47
DA:349,0
DA:350,0
DA:351,0
DA:352,0
DA:353,0
DA:355,0
DA:357,0
DA:359,47
DA:360,47
DA:361,47
DA:417,23
DA:418,23
DA:419,23
DA:422,22
DA:423,22
DA:424,22
DA:425,22
DA:426,22
DA:427,22
DA:430,22
DA:431,22
DA:434,21
DA:435,1
DA:436,20
DA:437,20
DA:438,1
DA:439,19
DA:442,19
DA:443,3
DA:444,3
DA:447,3
DA:448,2
DA:449,2
DA:451,2
DA:452,2
DA:453,0
DA:454,0
DA:460,2
DA:461,0
DA:462,0
DA:463,2
DA:464,1
DA:465,1
DA:466,2
DA:467,2
DA:468,2
DA:469,1
DA:470,16
DA:472,19
DA:473,23
DA:479,36
DA:480,36
DA:481,36
DA:482,2
DA:483,2
DA:484,2
DA:485,0
DA:491,0
DA:492,2
DA:493,0
DA:499,0
DA:500,2
DA:502,34
DA:503,36
DA:504,36
DA:511,14
DA:512,14
DA:513,1
DA:514,1
DA:515,1
DA:516,1
DA:517,1
DA:518,1
DA:519,1
DA:520,1
DA:521,13
DA:522,13
DA:523,13
DA:524,13
DA:525,13
DA:526,13
DA:527,13
DA:529,14
DA:566,1
DA:567,1
DA:568,1
DA:569,1
DA:570,1
DA:571,1
DA:572,1
DA:573,1
DA:574,1
DA:575,1
DA:576,1
DA:577,1
DA:578,1
DA:579,1
DA:580,1
DA:581,1
DA:582,1
DA:583,1
DA:584,1
DA:585,1
DA:586,1
DA:587,1
DA:588,1
DA:589,1
DA:590,1
DA:591,1
DA:594,1
DA:596,1
DA:598,1
DA:599,1
DA:600,1
DA:603,1
DA:604,1
DA:607,1
DA:608,1
DA:609,1
DA:610,1
DA:611,1
DA:612,1
DA:613,1
DA:614,1
DA:615,1
DA:616,1
DA:617,1
DA:618,1
DA:619,1
DA:620,1
DA:621,1
DA:624,1
DA:625,1
DA:626,1
DA:627,1
DA:628,1
DA:629,1
DA:630,1
DA:631,1
DA:632,1
DA:633,1
DA:634,1
DA:635,1
DA:638,1
DA:639,1
DA:640,1
DA:641,1
DA:642,1
DA:643,1
DA:644,1
DA:645,1
DA:646,1
DA:647,1
DA:648,1
DA:649,1
DA:650,1
DA:653,1
DA:656,1
DA:657,1
DA:658,1
DA:659,1
DA:660,1
DA:661,1
DA:662,1
DA:663,1
DA:664,1
DA:665,1
DA:666,1
DA:667,1
DA:668,1
DA:669,1
DA:670,1
DA:671,1
DA:672,1
DA:673,1
DA:674,1
DA:677,1
DA:678,1
DA:679,1
DA:680,1
DA:681,1
DA:682,1
DA:683,1
DA:684,1
DA:685,1
DA:686,1
DA:688,1
DA:690,1
DA:691,1
DA:693,0
DA:695,1
DA:698,1
DA:699,1
DA:700,1
DA:701,1
DA:702,1
DA:703,1
DA:704,1
DA:705,1
DA:706,1
DA:707,1
DA:708,1
DA:709,1
DA:711,1
DA:712,1
DA:713,1
DA:714,1
DA:717,1
DA:718,1
DA:719,1
DA:720,1
DA:722,0
DA:724,1
DA:727,1
DA:728,1
DA:729,1
DA:730,1
DA:731,1
DA:732,1
DA:733,1
DA:734,1
DA:735,1
DA:736,1
DA:737,1
DA:738,1
DA:739,1
DA:742,1
DA:743,1
DA:744,1
DA:745,1
DA:746,1
DA:747,1
DA:748,1
DA:749,1
DA:750,1
DA:751,1
DA:752,1
DA:753,1
DA:754,1
DA:755,1
DA:758,1
DA:759,1
DA:760,1
DA:761,1
DA:762,1
DA:763,1
DA:764,1
DA:765,1
DA:766,1
DA:767,1
DA:768,1
DA:769,1
DA:770,1
DA:773,1
DA:774,1
DA:775,1
DA:776,1
DA:777,1
DA:778,1
DA:779,1
DA:780,1
DA:781,1
DA:782,1
DA:783,1
DA:784,1
DA:785,1
DA:786,1
DA:789,1
DA:790,1
DA:791,1
DA:792,1
DA:793,1
DA:796,1
DA:797,1
DA:798,1
DA:799,1
DA:802,1
DA:803,1
DA:804,1
DA:805,1
DA:806,1
DA:807,1
DA:808,1
DA:809,1
DA:812,1
DA:813,1
DA:814,1
DA:815,1
DA:818,1
DA:819,1
DA:821,1
DA:822,1
DA:825,1
DA:826,1
DA:827,1
DA:828,1
DA:829,1
DA:830,1
DA:831,1
DA:832,1
DA:835,1
DA:836,1
DA:837,1
DA:838,1
DA:839,1
DA:840,1
DA:841,1
DA:842,1
DA:843,1
DA:844,1
DA:845,1
DA:846,1
DA:847,1
DA:848,1
DA:850,1
DA:851,1
DA:852,1
DA:853,1
DA:854,1
DA:855,1
DA:856,1
DA:857,1
DA:860,1
DA:861,1
DA:862,1
DA:863,1
DA:864,1
DA:865,1
DA:868,1
DA:869,1
DA:870,1
DA:874,1
DA:877,1
DA:888,1
DA:890,1
DA:891,1
DA:892,1
DA:893,1
DA:894,1
DA:895,1
DA:896,1
DA:899,1
DA:900,1
DA:903,1
DA:904,1
DA:906,1
DA:917,1
DA:919,1
DA:920,1
DA:921,1
DA:922,1
DA:924,1
DA:926,1
DA:927,1
DA:930,1
DA:931,1
DA:932,1
DA:933,1
DA:936,1
DA:939,1
DA:940,1
DA:941,1
DA:942,1
DA:943,1
DA:944,1
DA:947,1
DA:950,1
DA:952,1
DA:953,1
DA:954,1
DA:955,1
DA:958,1
DA:959,1
DA:960,1
DA:963,1
DA:966,1
DA:967,1
DA:968,1
DA:969,1
DA:970,1
DA:971,1
DA:972,1
DA:973,1
DA:974,1
DA:975,1
DA:976,1
DA:977,1
DA:978,1
DA:979,1
DA:982,1
DA:983,1
DA:984,1
DA:987,1
DA:990,1
DA:991,1
DA:992,1
DA:993,1
DA:994,1
DA:995,1
DA:996,1
DA:997,1
DA:998,1
DA:999,1
DA:1000,1
DA:1001,1
DA:1002,1
DA:1003,1
DA:1004,1
DA:1005,1
DA:1006,1
DA:1009,1
DA:1012,1
DA:1013,1
DA:1014,1
DA:1015,1
DA:1016,1
DA:1017,1
DA:1018,1
DA:1019,1
DA:1020,1
DA:1021,1
DA:1022,1
DA:1023,1
DA:1024,1
DA:1025,1
DA:1026,1
DA:1029,1
DA:1030,1
DA:1031,1
DA:1034,1
BRF:0
BRH:0
LF:545
LH:496
end_of_record
SF:/home/jc/git/fhir-autotest/fhir-ig-test-generator/src/generate/bulk_data/generators.rs
FN:614,_RINvNtNtNtCsjv21AyyWKm0_13fhir_autotest8generate9bulk_data10generators11gen_genericNtNtNtCsejwXSlmeH3r_4rand4rngs6thread9ThreadRngEB8_
FN:569,_RINvNtNtNtCsjv21AyyWKm0_13fhir_autotest8generate9bulk_data10generators12gen_endpointNtNtNtCsejwXSlmeH3r_4rand4rngs6thread9ThreadRngEB8_
FN:411,_RINvNtNtNtCsjv21AyyWKm0_13fhir_autotest8generate9bulk_data10generators12gen_locationNtNtNtCsejwXSlmeH3r_4rand4rngs6thread9ThreadRngEB8_
FN:213,_RINvNtNtNtCsjv21AyyWKm0_13fhir_autotest8generate9bulk_data10generators16gen_organizationNtNtNtCsejwXSlmeH3r_4rand4rngs6thread9ThreadRngEB8_
FN:269,_RINvNtNtNtCsjv21AyyWKm0_13fhir_autotest8generate9bulk_data10generators16gen_practitionerNtNtNtCsejwXSlmeH3r_4rand4rngs6thread9ThreadRngEB8_
FN:303,_RINvNtNtNtCsjv21AyyWKm0_13fhir_autotest8generate9bulk_data10generators21gen_practitioner_roleNtNtNtCsejwXSlmeH3r_4rand4rngs6thread9ThreadRngEB8_
FN:493,_RINvNtNtNtCsjv21AyyWKm0_13fhir_autotest8generate9bulk_data10generators22gen_healthcare_serviceNtNtNtCsejwXSlmeH3r_4rand4rngs6thread9ThreadRngEB8_
FN:363,_RNCINvNtNtNtCsjv21AyyWKm0_13fhir_autotest8generate9bulk_data10generators21gen_practitioner_roleNtNtNtCsejwXSlmeH3r_4rand4rngs6thread9ThreadRngE0Ba_
FN:614,_RINvNtNtNtCsl0WY4FsqnHe_13fhir_autotest8generate9bulk_data10generators11gen_genericNtNtNtCsejwXSlmeH3r_4rand4rngs6thread9ThreadRngEB8_
FN:569,_RINvNtNtNtCsl0WY4FsqnHe_13fhir_autotest8generate9bulk_data10generators12gen_endpointNtNtNtCsejwXSlmeH3r_4rand4rngs6thread9ThreadRngEB8_
FN:411,_RINvNtNtNtCsl0WY4FsqnHe_13fhir_autotest8generate9bulk_data10generators12gen_locationNtNtNtCsejwXSlmeH3r_4rand4rngs6thread9ThreadRngEB8_
FN:213,_RINvNtNtNtCsl0WY4FsqnHe_13fhir_autotest8generate9bulk_data10generators16gen_organizationNtNtNtCsejwXSlmeH3r_4rand4rngs6thread9ThreadRngEB8_
FN:269,_RINvNtNtNtCsl0WY4FsqnHe_13fhir_autotest8generate9bulk_data10generators16gen_practitionerNtNtNtCsejwXSlmeH3r_4rand4rngs6thread9ThreadRngEB8_
FN:303,_RINvNtNtNtCsl0WY4FsqnHe_13fhir_autotest8generate9bulk_data10generators21gen_practitioner_roleNtNtNtCsejwXSlmeH3r_4rand4rngs6thread9ThreadRngEB8_
FN:493,_RINvNtNtNtCsl0WY4FsqnHe_13fhir_autotest8generate9bulk_data10generators22gen_healthcare_serviceNtNtNtCsejwXSlmeH3r_4rand4rngs6thread9ThreadRngEB8_
FN:363,_RNCINvNtNtNtCsl0WY4FsqnHe_13fhir_autotest8generate9bulk_data10generators21gen_practitioner_roleNtNtNtCsejwXSlmeH3r_4rand4rngs6thread9ThreadRngE0Ba_
FNDA:0,_RINvNtNtNtCsjv21AyyWKm0_13fhir_autotest8generate9bulk_data10generators11gen_genericNtNtNtCsejwXSlmeH3r_4rand4rngs6thread9ThreadRngEB8_
FNDA:0,_RINvNtNtNtCsjv21AyyWKm0_13fhir_autotest8generate9bulk_data10generators12gen_endpointNtNtNtCsejwXSlmeH3r_4rand4rngs6thread9ThreadRngEB8_
FNDA:0,_RINvNtNtNtCsjv21AyyWKm0_13fhir_autotest8generate9bulk_data10generators12gen_locationNtNtNtCsejwXSlmeH3r_4rand4rngs6thread9ThreadRngEB8_
FNDA:0,_RINvNtNtNtCsjv21AyyWKm0_13fhir_autotest8generate9bulk_data10generators16gen_organizationNtNtNtCsejwXSlmeH3r_4rand4rngs6thread9ThreadRngEB8_
FNDA:0,_RINvNtNtNtCsjv21AyyWKm0_13fhir_autotest8generate9bulk_data10generators16gen_practitionerNtNtNtCsejwXSlmeH3r_4rand4rngs6thread9ThreadRngEB8_
FNDA:0,_RINvNtNtNtCsjv21AyyWKm0_13fhir_autotest8generate9bulk_data10generators21gen_practitioner_roleNtNtNtCsejwXSlmeH3r_4rand4rngs6thread9ThreadRngEB8_
FNDA:0,_RINvNtNtNtCsjv21AyyWKm0_13fhir_autotest8generate9bulk_data10generators22gen_healthcare_serviceNtNtNtCsejwXSlmeH3r_4rand4rngs6thread9ThreadRngEB8_
FNDA:0,_RNCINvNtNtNtCsjv21AyyWKm0_13fhir_autotest8generate9bulk_data10generators21gen_practitioner_roleNtNtNtCsejwXSlmeH3r_4rand4rngs6thread9ThreadRngE0Ba_
FNDA:7,_RINvNtNtNtCsl0WY4FsqnHe_13fhir_autotest8generate9bulk_data10generators11gen_genericNtNtNtCsejwXSlmeH3r_4rand4rngs6thread9ThreadRngEB8_
FNDA:0,_RINvNtNtNtCsl0WY4FsqnHe_13fhir_autotest8generate9bulk_data10generators12gen_endpointNtNtNtCsejwXSlmeH3r_4rand4rngs6thread9ThreadRngEB8_
FNDA:125,_RINvNtNtNtCsl0WY4FsqnHe_13fhir_autotest8generate9bulk_data10generators12gen_locationNtNtNtCsejwXSlmeH3r_4rand4rngs6thread9ThreadRngEB8_
FNDA:44,_RINvNtNtNtCsl0WY4FsqnHe_13fhir_autotest8generate9bulk_data10generators16gen_organizationNtNtNtCsejwXSlmeH3r_4rand4rngs6thread9ThreadRngEB8_
FNDA:74,_RINvNtNtNtCsl0WY4FsqnHe_13fhir_autotest8generate9bulk_data10generators16gen_practitionerNtNtNtCsejwXSlmeH3r_4rand4rngs6thread9ThreadRngEB8_
FNDA:121,_RINvNtNtNtCsl0WY4FsqnHe_13fhir_autotest8generate9bulk_data10generators21gen_practitioner_roleNtNtNtCsejwXSlmeH3r_4rand4rngs6thread9ThreadRngEB8_
FNDA:60,_RINvNtNtNtCsl0WY4FsqnHe_13fhir_autotest8generate9bulk_data10generators22gen_healthcare_serviceNtNtNtCsejwXSlmeH3r_4rand4rngs6thread9ThreadRngEB8_
FNDA:423,_RNCINvNtNtNtCsl0WY4FsqnHe_13fhir_autotest8generate9bulk_data10generators21gen_practitioner_roleNtNtNtCsejwXSlmeH3r_4rand4rngs6thread9ThreadRngE0Ba_
FNF:8
FNH:7
DA:213,44
DA:214,44
DA:215,44
DA:217,44
DA:218,44
DA:220,44
DA:221,44
DA:222,44
DA:223,44
DA:224,44
DA:226,44
DA:227,44
DA:228,44
DA:229,44
DA:230,44
DA:231,44
DA:232,44
DA:233,44
DA:234,44
DA:235,44
DA:236,44
DA:237,44
DA:238,44
DA:239,44
DA:240,44
DA:241,43
DA:242,38
DA:243,35
DA:244,32
DA:245,24
DA:246,21
DA:247,12
DA:248,44
DA:252,44
DA:253,44
DA:254,44
DA:255,44
DA:256,44
DA:257,44
DA:258,44
DA:259,44
DA:260,44
DA:261,44
DA:262,44
DA:263,44
DA:264,44
DA:266,44
DA:267,44
DA:269,74
DA:270,74
DA:271,74
DA:272,74
DA:274,74
DA:275,74
DA:277,74
DA:278,74
DA:279,74
DA:280,74
DA:281,74
DA:283,74
DA:284,74
DA:285,74
DA:286,74
DA:287,74
DA:288,74
DA:289,74
DA:290,74
DA:291,74
DA:292,74
DA:293,74
DA:294,74
DA:295,74
DA:296,74
DA:297,74
DA:298,74
DA:299,74
DA:300,74
DA:301,74
DA:303,121
DA:304,121
DA:305,121
DA:306,121
DA:307,121
DA:308,121
DA:309,121
DA:310,121
DA:311,121
DA:312,121
DA:313,121
DA:314,121
DA:315,121
DA:316,121
DA:317,121
DA:318,121
DA:319,121
DA:320,121
DA:321,121
DA:322,121
DA:323,121
DA:324,121
DA:325,121
DA:326,121
DA:327,121
DA:328,121
DA:329,121
DA:330,121
DA:331,121
DA:332,121
DA:333,121
DA:334,121
DA:335,121
DA:336,121
DA:337,121
DA:339,121
DA:340,121
DA:341,121
DA:342,121
DA:343,121
DA:344,121
DA:345,121
DA:346,121
DA:347,121
DA:348,60
DA:349,60
DA:350,60
DA:351,60
DA:352,60
DA:353,60
DA:354,60
DA:355,60
DA:356,60
DA:358,121
DA:359,121
DA:360,121
DA:361,121
DA:362,121
DA:363,423
DA:364,121
DA:366,121
DA:367,121
DA:368,120
DA:369,120
DA:370,120
DA:371,120
DA:372,120
DA:373,120
DA:375,121
DA:376,121
DA:377,121
DA:378,121
DA:379,121
DA:380,121
DA:381,121
DA:382,121
DA:383,121
DA:384,121
DA:385,121
DA:386,121
DA:387,121
DA:388,121
DA:389,121
DA:390,121
DA:391,121
DA:392,121
DA:393,121
DA:394,121
DA:395,121
DA:396,121
DA:397,121
DA:398,121
DA:399,121
DA:400,121
DA:401,121
DA:402,121
DA:403,121
DA:404,121
DA:405,121
DA:406,121
DA:407,121
DA:408,121
DA:409,121
DA:411,125
DA:412,125
DA:413,125
DA:414,125
DA:415,125
DA:416,125
DA:417,125
DA:418,125
DA:419,125
DA:420,125
DA:421,125
DA:422,125
DA:423,125
DA:424,125
DA:425,125
DA:426,125
DA:427,125
DA:428,125
DA:429,125
DA:430,125
DA:431,125
DA:432,125
DA:433,125
DA:436,125
DA:437,125
DA:438,125
DA:440,125
DA:441,125
DA:443,125
DA:444,125
DA:445,125
DA:446,125
DA:447,125
DA:448,125
DA:449,125
DA:450,125
DA:451,125
DA:452,125
DA:453,125
DA:454,125
DA:455,125
DA:456,125
DA:457,125
DA:458,125
DA:459,125
DA:460,125
DA:461,125
DA:462,125
DA:463,125
DA:464,125
DA:465,125
DA:466,125
DA:467,125
DA:468,125
DA:469,125
DA:470,125
DA:471,125
DA:472,125
DA:473,125
DA:474,125
DA:475,125
DA:476,125
DA:477,125
DA:478,125
DA:479,125
DA:480,125
DA:481,125
DA:482,125
DA:483,125
DA:484,125
DA:485,125
DA:486,125
DA:487,125
DA:488,125
DA:489,125
DA:490,125
DA:491,125
DA:493,60
DA:494,60
DA:495,60
DA:496,60
DA:497,60
DA:498,60
DA:499,60
DA:500,60
DA:501,60
DA:502,60
DA:503,60
DA:504,60
DA:505,60
DA:506,60
DA:507,60
DA:508,60
DA:509,60
DA:510,60
DA:511,60
DA:512,60
DA:513,60
DA:514,60
DA:515,60
DA:516,60
DA:517,60
DA:518,60
DA:519,60
DA:520,60
DA:521,60
DA:522,60
DA:523,60
DA:524,60
DA:525,60
DA:526,60
DA:528,60
DA:529,60
DA:531,60
DA:532,60
DA:533,60
DA:534,60
DA:535,60
DA:536,60
DA:537,60
DA:539,60
DA:540,60
DA:541,60
DA:542,60
DA:543,60
DA:544,60
DA:545,60
DA:546,60
DA:547,60
DA:548,60
DA:549,60
DA:550,60
DA:551,60
DA:552,60
DA:553,60
DA:554,60
DA:555,60
DA:556,60
DA:557,60
DA:558,60
DA:559,60
DA:560,60
DA:561,60
DA:562,60
DA:563,60
DA:564,60
DA:565,60
DA:566,60
DA:567,60
DA:569,0
DA:570,0
DA:571,0
DA:572,0
DA:573,0
DA:574,0
DA:575,0
DA:576,0
DA:577,0
DA:578,0
DA:579,0
DA:580,0
DA:581,0
DA:582,0
DA:583,0
DA:584,0
DA:585,0
DA:587,0
DA:589,0
DA:590,0
DA:591,0
DA:592,0
DA:593,0
DA:594,0
DA:595,0
DA:596,0
DA:598,0
DA:600,0
DA:601,0
DA:603,0
DA:604,0
DA:605,0
DA:606,0
DA:609,0
DA:610,0
DA:614,7
DA:615,7
DA:616,7
DA:617,7
DA:618,7
DA:619,7
DA:621,7
DA:624,6
DA:625,7
DA:626,7
DA:627,6
DA:628,6
DA:629,6
DA:630,7
DA:631,7
BRF:0
BRH:0
LF:381
LH:346
end_of_record
SF:/home/jc/git/fhir-autotest/fhir-ig-test-generator/src/generate/bulk_data/mod.rs
FN:37,_RNvNtNtCsjv21AyyWKm0_13fhir_autotest8generate9bulk_data18generate_bulk_data
FN:219,_RNvNtNtCsjv21AyyWKm0_13fhir_autotest8generate9bulk_data24bulk_data_creation_order
FN:286,_RINvNtNtCsjv21AyyWKm0_13fhir_autotest8generate9bulk_data11random_refspEB6_
FN:274,_RINvNtNtCsjv21AyyWKm0_13fhir_autotest8generate9bulk_data10random_refNtNtNtCsejwXSlmeH3r_4rand4rngs6thread9ThreadRngEB6_
FN:311,_RINvNtNtCsjv21AyyWKm0_13fhir_autotest8generate9bulk_data18stamp_created_dateNtNtNtCsejwXSlmeH3r_4rand4rngs6thread9ThreadRngEB6_
FN:73,_RNCNvNtNtCsjv21AyyWKm0_13fhir_autotest8generate9bulk_data18generate_bulk_data0B7_
FN:92,_RNCNvNtNtCsjv21AyyWKm0_13fhir_autotest8generate9bulk_data18generate_bulk_datas0_0B7_
FN:117,_RNCNvNtNtCsjv21AyyWKm0_13fhir_autotest8generate9bulk_data18generate_bulk_datas1_0B7_
FN:124,_RNCNvNtNtCsjv21AyyWKm0_13fhir_autotest8generate9bulk_data18generate_bulk_datas2_0B7_
FN:125,_RNCNvNtNtCsjv21AyyWKm0_13fhir_autotest8generate9bulk_data18generate_bulk_datas3_0B7_
FN:90,_RNCNvNtNtCsjv21AyyWKm0_13fhir_autotest8generate9bulk_data18generate_bulk_datas_0B7_
FN:37,_RNvNtNtCsl0WY4FsqnHe_13fhir_autotest8generate9bulk_data18generate_bulk_data
FN:219,_RNvNtNtCsl0WY4FsqnHe_13fhir_autotest8generate9bulk_data24bulk_data_creation_order
FN:274,_RINvNtNtCsl0WY4FsqnHe_13fhir_autotest8generate9bulk_data10random_refNtNtNtCsejwXSlmeH3r_4rand4rngs6thread9ThreadRngEB6_
FN:311,_RINvNtNtCsl0WY4FsqnHe_13fhir_autotest8generate9bulk_data18stamp_created_dateNtNtNtCsejwXSlmeH3r_4rand4rngs6thread9ThreadRngEB6_
FN:73,_RNCNvNtNtCsl0WY4FsqnHe_13fhir_autotest8generate9bulk_data18generate_bulk_data0B7_
FN:92,_RNCNvNtNtCsl0WY4FsqnHe_13fhir_autotest8generate9bulk_data18generate_bulk_datas0_0B7_
FN:117,_RNCNvNtNtCsl0WY4FsqnHe_13fhir_autotest8generate9bulk_data18generate_bulk_datas1_0B7_
FN:124,_RNCNvNtNtCsl0WY4FsqnHe_13fhir_autotest8generate9bulk_data18generate_bulk_datas2_0B7_
FN:125,_RNCNvNtNtCsl0WY4FsqnHe_13fhir_autotest8generate9bulk_data18generate_bulk_datas3_0B7_
FN:90,_RNCNvNtNtCsl0WY4FsqnHe_13fhir_autotest8generate9bulk_data18generate_bulk_datas_0B7_
FN:286,_RINvNtNtCsl0WY4FsqnHe_13fhir_autotest8generate9bulk_data11random_refspEB6_
FNDA:1,_RNvNtNtCsjv21AyyWKm0_13fhir_autotest8generate9bulk_data18generate_bulk_data
FNDA:3,_RNvNtNtCsjv21AyyWKm0_13fhir_autotest8generate9bulk_data24bulk_data_creation_order
FNDA:0,_RINvNtNtCsjv21AyyWKm0_13fhir_autotest8generate9bulk_data11random_refspEB6_
FNDA:0,_RINvNtNtCsjv21AyyWKm0_13fhir_autotest8generate9bulk_data10random_refNtNtNtCsejwXSlmeH3r_4rand4rngs6thread9ThreadRngEB6_
FNDA:15,_RINvNtNtCsjv21AyyWKm0_13fhir_autotest8generate9bulk_data18stamp_created_dateNtNtNtCsejwXSlmeH3r_4rand4rngs6thread9ThreadRngEB6_
FNDA:15,_RNCNvNtNtCsjv21AyyWKm0_13fhir_autotest8generate9bulk_data18generate_bulk_data0B7_
FNDA:2,_RNCNvNtNtCsjv21AyyWKm0_13fhir_autotest8generate9bulk_data18generate_bulk_datas0_0B7_
FNDA:0,_RNCNvNtNtCsjv21AyyWKm0_13fhir_autotest8generate9bulk_data18generate_bulk_datas1_0B7_
FNDA:15,_RNCNvNtNtCsjv21AyyWKm0_13fhir_autotest8generate9bulk_data18generate_bulk_datas2_0B7_
FNDA:15,_RNCNvNtNtCsjv21AyyWKm0_13fhir_autotest8generate9bulk_data18generate_bulk_datas3_0B7_
FNDA:2,_RNCNvNtNtCsjv21AyyWKm0_13fhir_autotest8generate9bulk_data18generate_bulk_datas_0B7_
FNDA:14,_RNvNtNtCsl0WY4FsqnHe_13fhir_autotest8generate9bulk_data18generate_bulk_data
FNDA:23,_RNvNtNtCsl0WY4FsqnHe_13fhir_autotest8generate9bulk_data24bulk_data_creation_order
FNDA:505,_RINvNtNtCsl0WY4FsqnHe_13fhir_autotest8generate9bulk_data10random_refNtNtNtCsejwXSlmeH3r_4rand4rngs6thread9ThreadRngEB6_
FNDA:433,_RINvNtNtCsl0WY4FsqnHe_13fhir_autotest8generate9bulk_data18stamp_created_dateNtNtNtCsejwXSlmeH3r_4rand4rngs6thread9ThreadRngEB6_
FNDA:426,_RNCNvNtNtCsl0WY4FsqnHe_13fhir_autotest8generate9bulk_data18generate_bulk_data0B7_
FNDA:1,_RNCNvNtNtCsl0WY4FsqnHe_13fhir_autotest8generate9bulk_data18generate_bulk_datas0_0B7_
FNDA:23,_RNCNvNtNtCsl0WY4FsqnHe_13fhir_autotest8generate9bulk_data18generate_bulk_datas1_0B7_
FNDA:3,_RNCNvNtNtCsl0WY4FsqnHe_13fhir_autotest8generate9bulk_data18generate_bulk_datas2_0B7_
FNDA:426,_RNCNvNtNtCsl0WY4FsqnHe_13fhir_autotest8generate9bulk_data18generate_bulk_datas3_0B7_
FNDA:1,_RNCNvNtNtCsl0WY4FsqnHe_13fhir_autotest8generate9bulk_data18generate_bulk_datas_0B7_
FNDA:0,_RINvNtNtCsl0WY4FsqnHe_13fhir_autotest8generate9bulk_data11random_refspEB6_
FNF:11
FNH:10
DA:37,15
DA:38,15
DA:39,15
DA:40,15
DA:41,15
DA:42,15
DA:43,15
DA:44,15
DA:47,15
DA:48,15
DA:49,15
DA:53,15
DA:57,15
DA:63,15
DA:66,15
DA:67,26
DA:68,26
DA:69,26
DA:70,0
DA:71,26
DA:72,26
DA:73,441
DA:74,26
DA:75,26
DA:79,15
DA:80,15
DA:81,15
DA:82,15
DA:83,15
DA:84,15
DA:89,15
DA:90,15
DA:91,15
DA:92,15
DA:96,15
DA:99,15
DA:100,15
DA:101,15
DA:104,26
DA:105,26
DA:106,26
DA:107,0
DA:108,26
DA:109,26
DA:110,26
DA:111,26
DA:112,26
DA:113,26
DA:117,26
DA:118,23
DA:119,23
DA:121,441
DA:122,441
DA:123,441
DA:124,441
DA:125,441
DA:127,441
DA:130,17
DA:131,17
DA:132,17
DA:134,17
DA:135,17
DA:136,17
DA:137,17
DA:138,17
DA:139,17
DA:140,17
DA:141,17
DA:142,17
DA:143,17
DA:144,17
DA:146,17
DA:147,0
DA:148,0
DA:149,0
DA:150,0
DA:151,0
DA:152,0
DA:153,0
DA:154,0
DA:155,0
DA:156,17
DA:157,17
DA:159,424
DA:160,424
DA:161,384
DA:162,310
DA:163,120
DA:165,190
DA:166,65
DA:167,60
DA:169,5
DA:171,5
DA:180,441
DA:181,424
DA:182,424
DA:185,441
DA:187,441
DA:188,441
DA:190,441
DA:191,441
DA:192,441
DA:193,441
DA:195,0
DA:196,0
DA:202,441
DA:204,26
DA:205,26
DA:209,0
DA:213,15
DA:214,15
DA:216,15
DA:217,15
DA:219,26
DA:220,26
DA:223,52
DA:224,52
DA:225,26
DA:226,26
DA:230,26
DA:231,26
DA:232,2
DA:233,24
DA:237,26
DA:238,26
DA:239,5
DA:240,21
DA:244,26
DA:245,26
DA:246,3
DA:247,23
DA:252,26
DA:253,26
DA:254,4
DA:255,22
DA:259,26
DA:260,26
DA:261,1
DA:262,25
DA:265,50
DA:266,50
DA:267,9
DA:268,41
DA:270,26
DA:271,26
DA:274,505
DA:275,505
DA:277,2
DA:279,503
DA:280,503
DA:282,505
DA:286,0
DA:287,0
DA:288,0
DA:289,0
DA:290,0
DA:291,0
DA:292,0
DA:293,0
DA:295,0
DA:296,0
DA:297,0
DA:299,0
DA:300,0
DA:301,0
DA:302,0
DA:303,0
DA:304,0
DA:305,0
DA:306,0
DA:308,0
DA:311,448
DA:312,448
DA:313,448
DA:314,448
DA:315,448
DA:316,448
DA:317,448
BRF:0
BRH:0
LF:184
LH:150
end_of_record
SF:/home/jc/git/fhir-autotest/fhir-ig-test-generator/src/generate/bulk_data/overlay.rs
FN:14,_RINvNtNtNtCsjv21AyyWKm0_13fhir_autotest8generate9bulk_data7overlay24overlay_cross_referencesNtNtNtCsejwXSlmeH3r_4rand4rngs6thread9ThreadRngEB8_
FN:368,_RINvNtNtNtCsjv21AyyWKm0_13fhir_autotest8generate9bulk_data7overlay24provenance_target_for_idNtNtNtCsejwXSlmeH3r_4rand4rngs6thread9ThreadRngEB8_
FN:40,_RNCINvNtNtNtCsjv21AyyWKm0_13fhir_autotest8generate9bulk_data7overlay24overlay_cross_referencesNtNtNtCsejwXSlmeH3r_4rand4rngs6thread9ThreadRngE0Ba_
FN:97,_RNCINvNtNtNtCsjv21AyyWKm0_13fhir_autotest8generate9bulk_data7overlay24overlay_cross_referencesNtNtNtCsejwXSlmeH3r_4rand4rngs6thread9ThreadRngEs0_0Ba_
FN:111,_RNCINvNtNtNtCsjv21AyyWKm0_13fhir_autotest8generate9bulk_data7overlay24overlay_cross_referencesNtNtNtCsejwXSlmeH3r_4rand4rngs6thread9ThreadRngEs1_0Ba_
FN:190,_RNCINvNtNtNtCsjv21AyyWKm0_13fhir_autotest8generate9bulk_data7overlay24overlay_cross_referencesNtNtNtCsejwXSlmeH3r_4rand4rngs6thread9ThreadRngEs2_0Ba_
FN:202,_RNCINvNtNtNtCsjv21AyyWKm0_13fhir_autotest8generate9bulk_data7overlay24overlay_cross_referencesNtNtNtCsejwXSlmeH3r_4rand4rngs6thread9ThreadRngEs3_0Ba_
FN:235,_RNCINvNtNtNtCsjv21AyyWKm0_13fhir_autotest8generate9bulk_data7overlay24overlay_cross_referencesNtNtNtCsejwXSlmeH3r_4rand4rngs6thread9ThreadRngEs4_0Ba_
FN:77,_RNCINvNtNtNtCsjv21AyyWKm0_13fhir_autotest8generate9bulk_data7overlay24overlay_cross_referencesNtNtNtCsejwXSlmeH3r_4rand4rngs6thread9ThreadRngEs_0Ba_
FN:393,_RNCINvNtNtNtCsjv21AyyWKm0_13fhir_autotest8generate9bulk_data7overlay24provenance_target_for_idNtNtNtCsejwXSlmeH3r_4rand4rngs6thread9ThreadRngE0Ba_
FN:402,_RNCINvNtNtNtCsjv21AyyWKm0_13fhir_autotest8generate9bulk_data7overlay24provenance_target_for_idNtNtNtCsejwXSlmeH3r_4rand4rngs6thread9ThreadRngEs_0Ba_
FN:348,_RNCNvNtNtNtCsjv21AyyWKm0_13fhir_autotest8generate9bulk_data7overlay30ensure_telecom_contact_purpose0B9_
FN:312,_RNvNtNtNtCsjv21AyyWKm0_13fhir_autotest8generate9bulk_data7overlay28ensure_target_path_extension
FN:334,_RNvNtNtNtCsjv21AyyWKm0_13fhir_autotest8generate9bulk_data7overlay30ensure_telecom_contact_purpose
FN:14,_RINvNtNtNtCsl0WY4FsqnHe_13fhir_autotest8generate9bulk_data7overlay24overlay_cross_referencesNtNtNtCsejwXSlmeH3r_4rand4rngs6thread9ThreadRngEB8_
FN:368,_RINvNtNtNtCsl0WY4FsqnHe_13fhir_autotest8generate9bulk_data7overlay24provenance_target_for_idNtNtNtCsejwXSlmeH3r_4rand4rngs6thread9ThreadRngEB8_
FN:40,_RNCINvNtNtNtCsl0WY4FsqnHe_13fhir_autotest8generate9bulk_data7overlay24overlay_cross_referencesNtNtNtCsejwXSlmeH3r_4rand4rngs6thread9ThreadRngE0Ba_
FN:97,_RNCINvNtNtNtCsl0WY4FsqnHe_13fhir_autotest8generate9bulk_data7overlay24overlay_cross_referencesNtNtNtCsejwXSlmeH3r_4rand4rngs6thread9ThreadRngEs0_0Ba_
FN:111,_RNCINvNtNtNtCsl0WY4FsqnHe_13fhir_autotest8generate9bulk_data7overlay24overlay_cross_referencesNtNtNtCsejwXSlmeH3r_4rand4rngs6thread9ThreadRngEs1_0Ba_
FN:190,_RNCINvNtNtNtCsl0WY4FsqnHe_13fhir_autotest8generate9bulk_data7overlay24overlay_cross_referencesNtNtNtCsejwXSlmeH3r_4rand4rngs6thread9ThreadRngEs2_0Ba_
FN:202,_RNCINvNtNtNtCsl0WY4FsqnHe_13fhir_autotest8generate9bulk_data7overlay24overlay_cross_referencesNtNtNtCsejwXSlmeH3r_4rand4rngs6thread9ThreadRngEs3_0Ba_
FN:235,_RNCINvNtNtNtCsl0WY4FsqnHe_13fhir_autotest8generate9bulk_data7overlay24overlay_cross_referencesNtNtNtCsejwXSlmeH3r_4rand4rngs6thread9ThreadRngEs4_0Ba_
FN:77,_RNCINvNtNtNtCsl0WY4FsqnHe_13fhir_autotest8generate9bulk_data7overlay24overlay_cross_referencesNtNtNtCsejwXSlmeH3r_4rand4rngs6thread9ThreadRngEs_0Ba_
FN:393,_RNCINvNtNtNtCsl0WY4FsqnHe_13fhir_autotest8generate9bulk_data7overlay24provenance_target_for_idNtNtNtCsejwXSlmeH3r_4rand4rngs6thread9ThreadRngE0Ba_
FN:402,_RNCINvNtNtNtCsl0WY4FsqnHe_13fhir_autotest8generate9bulk_data7overlay24provenance_target_for_idNtNtNtCsejwXSlmeH3r_4rand4rngs6thread9ThreadRngEs_0Ba_
FN:348,_RNCNvNtNtNtCsl0WY4FsqnHe_13fhir_autotest8generate9bulk_data7overlay30ensure_telecom_contact_purpose0B9_
FN:312,_RNvNtNtNtCsl0WY4FsqnHe_13fhir_autotest8generate9bulk_data7overlay28ensure_target_path_extension
FN:334,_RNvNtNtNtCsl0WY4FsqnHe_13fhir_autotest8generate9bulk_data7overlay30ensure_telecom_contact_purpose
FNDA:15,_RINvNtNtNtCsjv21AyyWKm0_13fhir_autotest8generate9bulk_data7overlay24overlay_cross_referencesNtNtNtCsejwXSlmeH3r_4rand4rngs6thread9ThreadRngEB8_
FNDA:0,_RINvNtNtNtCsjv21AyyWKm0_13fhir_autotest8generate9bulk_data7overlay24provenance_target_for_idNtNtNtCsejwXSlmeH3r_4rand4rngs6thread9ThreadRngEB8_
FNDA:0,_RNCINvNtNtNtCsjv21AyyWKm0_13fhir_autotest8generate9bulk_data7overlay24overlay_cross_referencesNtNtNtCsejwXSlmeH3r_4rand4rngs6thread9ThreadRngE0Ba_
FNDA:0,_RNCINvNtNtNtCsjv21AyyWKm0_13fhir_autotest8generate9bulk_data7overlay24overlay_cross_referencesNtNtNtCsejwXSlmeH3r_4rand4rngs6thread9ThreadRngEs0_0Ba_
FNDA:0,_RNCINvNtNtNtCsjv21AyyWKm0_13fhir_autotest8generate9bulk_data7overlay24overlay_cross_referencesNtNtNtCsejwXSlmeH3r_4rand4rngs6thread9ThreadRngEs1_0Ba_
FNDA:0,_RNCINvNtNtNtCsjv21AyyWKm0_13fhir_autotest8generate9bulk_data7overlay24overlay_cross_referencesNtNtNtCsejwXSlmeH3r_4rand4rngs6thread9ThreadRngEs2_0Ba_
FNDA:0,_RNCINvNtNtNtCsjv21AyyWKm0_13fhir_autotest8generate9bulk_data7overlay24overlay_cross_referencesNtNtNtCsejwXSlmeH3r_4rand4rngs6thread9ThreadRngEs3_0Ba_
FNDA:0,_RNCINvNtNtNtCsjv21AyyWKm0_13fhir_autotest8generate9bulk_data7overlay24overlay_cross_referencesNtNtNtCsejwXSlmeH3r_4rand4rngs6thread9ThreadRngEs4_0Ba_
FNDA:0,_RNCINvNtNtNtCsjv21AyyWKm0_13fhir_autotest8generate9bulk_data7overlay24overlay_cross_referencesNtNtNtCsejwXSlmeH3r_4rand4rngs6thread9ThreadRngEs_0Ba_
FNDA:0,_RNCINvNtNtNtCsjv21AyyWKm0_13fhir_autotest8generate9bulk_data7overlay24provenance_target_for_idNtNtNtCsejwXSlmeH3r_4rand4rngs6thread9ThreadRngE0Ba_
FNDA:0,_RNCINvNtNtNtCsjv21AyyWKm0_13fhir_autotest8generate9bulk_data7overlay24provenance_target_for_idNtNtNtCsejwXSlmeH3r_4rand4rngs6thread9ThreadRngEs_0Ba_
FNDA:0,_RNCNvNtNtNtCsjv21AyyWKm0_13fhir_autotest8generate9bulk_data7overlay30ensure_telecom_contact_purpose0B9_
FNDA:0,_RNvNtNtNtCsjv21AyyWKm0_13fhir_autotest8generate9bulk_data7overlay28ensure_target_path_extension
FNDA:0,_RNvNtNtNtCsjv21AyyWKm0_13fhir_autotest8generate9bulk_data7overlay30ensure_telecom_contact_purpose
FNDA:13,_RINvNtNtNtCsl0WY4FsqnHe_13fhir_autotest8generate9bulk_data7overlay24overlay_cross_referencesNtNtNtCsejwXSlmeH3r_4rand4rngs6thread9ThreadRngEB8_
FNDA:4,_RINvNtNtNtCsl0WY4FsqnHe_13fhir_autotest8generate9bulk_data7overlay24provenance_target_for_idNtNtNtCsejwXSlmeH3r_4rand4rngs6thread9ThreadRngEB8_
FNDA:1,_RNCINvNtNtNtCsl0WY4FsqnHe_13fhir_autotest8generate9bulk_data7overlay24overlay_cross_referencesNtNtNtCsejwXSlmeH3r_4rand4rngs6thread9ThreadRngE0Ba_
FNDA:2,_RNCINvNtNtNtCsl0WY4FsqnHe_13fhir_autotest8generate9bulk_data7overlay24overlay_cross_referencesNtNtNtCsejwXSlmeH3r_4rand4rngs6thread9ThreadRngEs0_0Ba_
FNDA:1,_RNCINvNtNtNtCsl0WY4FsqnHe_13fhir_autotest8generate9bulk_data7overlay24overlay_cross_referencesNtNtNtCsejwXSlmeH3r_4rand4rngs6thread9ThreadRngEs1_0Ba_
FNDA:2,_RNCINvNtNtNtCsl0WY4FsqnHe_13fhir_autotest8generate9bulk_data7overlay24overlay_cross_referencesNtNtNtCsejwXSlmeH3r_4rand4rngs6thread9ThreadRngEs2_0Ba_
FNDA:0,_RNCINvNtNtNtCsl0WY4FsqnHe_13fhir_autotest8generate9bulk_data7overlay24overlay_cross_referencesNtNtNtCsejwXSlmeH3r_4rand4rngs6thread9ThreadRngEs3_0Ba_
FNDA:2,_RNCINvNtNtNtCsl0WY4FsqnHe_13fhir_autotest8generate9bulk_data7overlay24overlay_cross_referencesNtNtNtCsejwXSlmeH3r_4rand4rngs6thread9ThreadRngEs4_0Ba_
FNDA:1,_RNCINvNtNtNtCsl0WY4FsqnHe_13fhir_autotest8generate9bulk_data7overlay24overlay_cross_referencesNtNtNtCsejwXSlmeH3r_4rand4rngs6thread9ThreadRngEs_0Ba_
FNDA:24,_RNCINvNtNtNtCsl0WY4FsqnHe_13fhir_autotest8generate9bulk_data7overlay24provenance_target_for_idNtNtNtCsejwXSlmeH3r_4rand4rngs6thread9ThreadRngE0Ba_
FNDA:4,_RNCINvNtNtNtCsl0WY4FsqnHe_13fhir_autotest8generate9bulk_data7overlay24provenance_target_for_idNtNtNtCsejwXSlmeH3r_4rand4rngs6thread9ThreadRngEs_0Ba_
FNDA:1,_RNCNvNtNtNtCsl0WY4FsqnHe_13fhir_autotest8generate9bulk_data7overlay30ensure_telecom_contact_purpose0B9_
FNDA:2,_RNvNtNtNtCsl0WY4FsqnHe_13fhir_autotest8generate9bulk_data7overlay28ensure_target_path_extension
FNDA:2,_RNvNtNtNtCsl0WY4FsqnHe_13fhir_autotest8generate9bulk_data7overlay30ensure_telecom_contact_purpose
FNF:14
FNH:13
DA:14,28
DA:15,28
DA:16,28
DA:17,28
DA:18,28
DA:19,28
DA:20,28
DA:21,28
DA:22,28
DA:23,28
DA:24,28
DA:25,28
DA:26,28
DA:27,28
DA:28,0
DA:31,2
DA:32,28
DA:38,1
DA:39,1
DA:40,1
DA:42,1
DA:44,0
DA:46,1
DA:47,1
DA:48,1
DA:50,0
DA:51,1
DA:52,1
DA:53,1
DA:54,1
DA:55,1
DA:56,1
DA:57,1
DA:58,1
DA:59,1
DA:60,1
DA:61,1
DA:62,1
DA:63,1
DA:64,1
DA:65,1
DA:74,1
DA:75,1
DA:76,1
DA:77,1
DA:78,1
DA:79,1
DA:80,1
DA:81,1
DA:82,1
DA:83,1
DA:85,0
DA:86,1
DA:87,1
DA:88,1
DA:89,1
DA:90,1
DA:91,1
DA:92,1
DA:94,27
DA:97,2
DA:99,2
DA:101,0
DA:103,2
DA:104,2
DA:105,2
DA:109,2
DA:110,1
DA:111,1
DA:112,1
DA:114,0
DA:116,1
DA:117,1
DA:118,1
DA:120,1
DA:122,25
DA:123,2
DA:124,2
DA:125,2
DA:126,2
DA:127,2
DA:128,2
DA:129,2
DA:130,2
DA:131,2
DA:132,2
DA:133,2
DA:134,2
DA:135,2
DA:136,2
DA:137,2
DA:138,2
DA:139,2
DA:140,2
DA:141,2
DA:142,2
DA:143,2
DA:148,2
DA:149,2
DA:150,2
DA:151,2
DA:152,2
DA:153,2
DA:154,2
DA:155,0
DA:156,0
DA:161,2
DA:163,23
DA:164,0
DA:165,0
DA:166,0
DA:167,0
DA:168,0
DA:169,0
DA:170,23
DA:189,2
DA:190,2
DA:191,1
DA:192,1
DA:193,1
DA:194,1
DA:195,1
DA:196,0
DA:197,0
DA:198,1
DA:199,1
DA:200,1
DA:201,1
DA:202,0
DA:203,0
DA:204,0
DA:205,0
DA:206,0
DA:207,0
DA:208,0
DA:209,0
DA:210,0
DA:211,0
DA:212,0
DA:213,0
DA:214,0
DA:218,21
DA:219,4
DA:220,4
DA:221,4
DA:222,4
DA:223,4
DA:224,4
DA:225,4
DA:226,4
DA:227,4
DA:230,4
DA:235,4
DA:236,2
DA:237,2
DA:238,2
DA:239,2
DA:240,2
DA:241,2
DA:242,2
DA:243,2
DA:244,2
DA:245,2
DA:246,2
DA:247,2
DA:248,2
DA:249,2
DA:250,2
DA:251,2
DA:252,2
DA:253,2
DA:254,0
DA:258,4
DA:259,4
DA:260,4
DA:261,4
DA:262,4
DA:263,4
DA:268,4
DA:269,4
DA:270,4
DA:271,4
DA:272,4
DA:273,4
DA:274,4
DA:275,4
DA:276,4
DA:277,4
DA:278,4
DA:279,4
DA:286,4
DA:287,4
DA:288,4
DA:289,4
DA:290,4
DA:291,4
DA:292,4
DA:293,4
DA:294,4
DA:295,4
DA:296,4
DA:297,4
DA:298,4
DA:300,17
DA:302,28
DA:312,2
DA:313,2
DA:314,0
DA:315,2
DA:316,2
DA:317,2
DA:318,2
DA:319,2
DA:320,2
DA:323,2
DA:334,2
DA:335,2
DA:336,2
DA:337,2
DA:338,2
DA:339,2
DA:340,2
DA:342,2
DA:346,2
DA:347,2
DA:348,2
DA:350,2
DA:351,0
DA:353,2
DA:354,0
DA:355,2
DA:356,2
DA:357,2
DA:358,2
DA:359,2
DA:360,2
DA:361,2
DA:362,2
DA:363,2
DA:364,2
DA:365,2
DA:368,4
DA:369,4
DA:370,4
DA:371,4
DA:372,4
DA:373,4
DA:374,4
DA:375,4
DA:376,4
DA:377,4
DA:383,4
DA:384,4
DA:385,4
DA:386,4
DA:387,4
DA:388,4
DA:389,4
DA:391,4
DA:392,4
DA:393,24
DA:394,4
DA:395,4
DA:396,0
DA:397,4
DA:399,4
DA:400,4
DA:401,4
DA:402,4
DA:403,4
DA:404,4
DA:405,4
DA:406,4
DA:407,4
BRF:0
BRH:0
LF:284
LH:249
end_of_record
SF:/home/jc/git/fhir-autotest/fhir-ig-test-generator/src/generate/bulk_data/supplement.rs
FN:135,_RNvNtNtNtCsjv21AyyWKm0_13fhir_autotest8generate9bulk_data10supplement23write_supplement_ndjson
FN:26,_RNvNtNtNtCsjv21AyyWKm0_13fhir_autotest8generate9bulk_data10supplement28generate_supplement_resource
FN:98,_RNvNtNtNtCsjv21AyyWKm0_13fhir_autotest8generate9bulk_data10supplement31normalize_supplement_references
FN:37,_RNCNvNtNtNtCsjv21AyyWKm0_13fhir_autotest8generate9bulk_data10supplement28generate_supplement_resource0B9_
FN:44,_RNCNvNtNtNtCsjv21AyyWKm0_13fhir_autotest8generate9bulk_data10supplement28generate_supplement_resources0_0B9_
FN:48,_RNCNvNtNtNtCsjv21AyyWKm0_13fhir_autotest8generate9bulk_data10supplement28generate_supplement_resources1_0B9_
FN:49,_RNCNvNtNtNtCsjv21AyyWKm0_13fhir_autotest8generate9bulk_data10supplement28generate_supplement_resources2_0B9_
FN:39,_RNCNvNtNtNtCsjv21AyyWKm0_13fhir_autotest8generate9bulk_data10supplement28generate_supplement_resources_0B9_
FN:135,_RNvNtNtNtCsl0WY4FsqnHe_13fhir_autotest8generate9bulk_data10supplement23write_supplement_ndjson
FN:26,_RNvNtNtNtCsl0WY4FsqnHe_13fhir_autotest8generate9bulk_data10supplement28generate_supplement_resource
FN:98,_RNvNtNtNtCsl0WY4FsqnHe_13fhir_autotest8generate9bulk_data10supplement31normalize_supplement_references
FN:37,_RNCNvNtNtNtCsl0WY4FsqnHe_13fhir_autotest8generate9bulk_data10supplement28generate_supplement_resource0B9_
FN:44,_RNCNvNtNtNtCsl0WY4FsqnHe_13fhir_autotest8generate9bulk_data10supplement28generate_supplement_resources0_0B9_
FN:48,_RNCNvNtNtNtCsl0WY4FsqnHe_13fhir_autotest8generate9bulk_data10supplement28generate_supplement_resources1_0B9_
FN:49,_RNCNvNtNtNtCsl0WY4FsqnHe_13fhir_autotest8generate9bulk_data10supplement28generate_supplement_resources2_0B9_
FN:39,_RNCNvNtNtNtCsl0WY4FsqnHe_13fhir_autotest8generate9bulk_data10supplement28generate_supplement_resources_0B9_
FNDA:1,_RNvNtNtNtCsjv21AyyWKm0_13fhir_autotest8generate9bulk_data10supplement23write_supplement_ndjson
FNDA:0,_RNvNtNtNtCsjv21AyyWKm0_13fhir_autotest8generate9bulk_data10supplement28generate_supplement_resource
FNDA:0,_RNvNtNtNtCsjv21AyyWKm0_13fhir_autotest8generate9bulk_data10supplement31normalize_supplement_references
FNDA:0,_RNCNvNtNtNtCsjv21AyyWKm0_13fhir_autotest8generate9bulk_data10supplement28generate_supplement_resource0B9_
FNDA:0,_RNCNvNtNtNtCsjv21AyyWKm0_13fhir_autotest8generate9bulk_data10supplement28generate_supplement_resources0_0B9_
FNDA:0,_RNCNvNtNtNtCsjv21AyyWKm0_13fhir_autotest8generate9bulk_data10supplement28generate_supplement_resources1_0B9_
FNDA:0,_RNCNvNtNtNtCsjv21AyyWKm0_13fhir_autotest8generate9bulk_data10supplement28generate_supplement_resources2_0B9_
FNDA:0,_RNCNvNtNtNtCsjv21AyyWKm0_13fhir_autotest8generate9bulk_data10supplement28generate_supplement_resources_0B9_
FNDA:3,_RNvNtNtNtCsl0WY4FsqnHe_13fhir_autotest8generate9bulk_data10supplement23write_supplement_ndjson
FNDA:7,_RNvNtNtNtCsl0WY4FsqnHe_13fhir_autotest8generate9bulk_data10supplement28generate_supplement_resource
FNDA:193,_RNvNtNtNtCsl0WY4FsqnHe_13fhir_autotest8generate9bulk_data10supplement31normalize_supplement_references
FNDA:0,_RNCNvNtNtNtCsl0WY4FsqnHe_13fhir_autotest8generate9bulk_data10supplement28generate_supplement_resource0B9_
FNDA:6,_RNCNvNtNtNtCsl0WY4FsqnHe_13fhir_autotest8generate9bulk_data10supplement28generate_supplement_resources0_0B9_
FNDA:1,_RNCNvNtNtNtCsl0WY4FsqnHe_13fhir_autotest8generate9bulk_data10supplement28generate_supplement_resources1_0B9_
FNDA:7,_RNCNvNtNtNtCsl0WY4FsqnHe_13fhir_autotest8generate9bulk_data10supplement28generate_supplement_resources2_0B9_
FNDA:0,_RNCNvNtNtNtCsl0WY4FsqnHe_13fhir_autotest8generate9bulk_data10supplement28generate_supplement_resources_0B9_
FNF:8
FNH:6
DA:26,7
DA:27,7
DA:28,7
DA:29,7
DA:30,7
DA:31,7
DA:32,7
DA:33,7
DA:34,7
DA:36,7
DA:37,7
DA:38,7
DA:39,7
DA:41,7
DA:42,7
DA:43,7
DA:44,7
DA:46,7
DA:47,7
DA:48,7
DA:49,7
DA:51,7
DA:52,0
DA:53,0
DA:54,0
DA:55,0
DA:56,0
DA:57,0
DA:58,0
DA:59,0
DA:60,0
DA:61,0
DA:62,0
DA:63,0
DA:64,0
DA:65,0
DA:66,0
DA:68,7
DA:69,7
DA:70,3
DA:71,3
DA:72,2
DA:73,2
DA:74,2
DA:75,2
DA:79,7
DA:80,7
DA:81,7
DA:83,7
DA:89,7
DA:91,7
DA:92,7
DA:98,193
DA:99,193
DA:100,42
DA:101,42
DA:102,2
DA:103,2
DA:107,2
DA:108,0
DA:110,2
DA:112,2
DA:113,2
DA:114,40
DA:115,145
DA:116,145
DA:117,145
DA:119,38
DA:120,41
DA:121,41
DA:122,41
DA:124,113
DA:126,193
DA:135,4
DA:136,4
DA:137,4
DA:138,4
DA:139,4
DA:140,4
DA:141,4
DA:142,4
DA:143,4
DA:146,4
DA:147,4
DA:150,4
DA:151,4
DA:152,4
DA:153,4
DA:154,4
DA:155,4
DA:157,4
DA:159,7
DA:160,7
DA:161,7
DA:162,6
DA:163,1
DA:165,1
DA:166,1
DA:167,1
DA:168,1
DA:169,1
DA:170,1
DA:171,1
DA:172,1
DA:173,0
DA:174,0
DA:179,0
DA:183,1
DA:186,1
DA:187,1
DA:188,1
DA:189,1
DA:190,1
DA:191,1
DA:194,1
DA:195,1
DA:197,1
DA:198,1
DA:201,4
DA:202,4
DA:203,4
BRF:0
BRH:0
LF:126
LH:105
end_of_record
SF:/home/jc/git/fhir-autotest/fhir-ig-test-generator/src/generate/bulk_data/update.rs
FN:197,_RNvNtNtNtCsjv21AyyWKm0_13fhir_autotest8generate9bulk_data6update11get_at_path
FN:260,_RNvNtNtNtCsjv21AyyWKm0_13fhir_autotest8generate9bulk_data6update11mutate_bool
FN:214,_RNvNtNtNtCsjv21AyyWKm0_13fhir_autotest8generate9bulk_data6update11set_at_path
FN:248,_RNvNtNtNtCsjv21AyyWKm0_13fhir_autotest8generate9bulk_data6update13mutate_number
FN:243,_RNvNtNtNtCsjv21AyyWKm0_13fhir_autotest8generate9bulk_data6update13mutate_string
FN:126,_RNvNtNtNtCsjv21AyyWKm0_13fhir_autotest8generate9bulk_data6update17walk_for_mutables
FN:183,_RNvNtNtNtCsjv21AyyWKm0_13fhir_autotest8generate9bulk_data6update18is_reference_field
FN:72,_RNvNtNtNtCsjv21AyyWKm0_13fhir_autotest8generate9bulk_data6update20apply_random_updates
FN:118,_RNvNtNtNtCsjv21AyyWKm0_13fhir_autotest8generate9bulk_data6update22discover_mutable_paths
FN:18,_RNvNtNtNtCsjv21AyyWKm0_13fhir_autotest8generate9bulk_data6update22generate_update_ndjson
FN:262,_RNCNvNtNtNtCsjv21AyyWKm0_13fhir_autotest8generate9bulk_data6update11mutate_bool0B9_
FN:225,_RNCNvNtNtNtCsjv21AyyWKm0_13fhir_autotest8generate9bulk_data6update11set_at_path0B9_
FN:250,_RNCNvNtNtNtCsjv21AyyWKm0_13fhir_autotest8generate9bulk_data6update13mutate_number0B9_
FN:95,_RNCNvNtNtNtCsjv21AyyWKm0_13fhir_autotest8generate9bulk_data6update20apply_random_updates0B9_
FN:32,_RNCNvNtNtNtCsjv21AyyWKm0_13fhir_autotest8generate9bulk_data6update22generate_update_ndjson0B9_
FN:48,_RNCNvNtNtNtCsjv21AyyWKm0_13fhir_autotest8generate9bulk_data6update22generate_update_ndjsons_0B9_
FN:262,_RNCNvNtNtNtCsl0WY4FsqnHe_13fhir_autotest8generate9bulk_data6update11mutate_bool0B9_
FN:225,_RNCNvNtNtNtCsl0WY4FsqnHe_13fhir_autotest8generate9bulk_data6update11set_at_path0B9_
FN:250,_RNCNvNtNtNtCsl0WY4FsqnHe_13fhir_autotest8generate9bulk_data6update13mutate_number0B9_
FN:95,_RNCNvNtNtNtCsl0WY4FsqnHe_13fhir_autotest8generate9bulk_data6update20apply_random_updates0B9_
FN:32,_RNCNvNtNtNtCsl0WY4FsqnHe_13fhir_autotest8generate9bulk_data6update22generate_update_ndjson0B9_
FN:48,_RNCNvNtNtNtCsl0WY4FsqnHe_13fhir_autotest8generate9bulk_data6update22generate_update_ndjsons_0B9_
FN:197,_RNvNtNtNtCsl0WY4FsqnHe_13fhir_autotest8generate9bulk_data6update11get_at_path
FN:260,_RNvNtNtNtCsl0WY4FsqnHe_13fhir_autotest8generate9bulk_data6update11mutate_bool
FN:214,_RNvNtNtNtCsl0WY4FsqnHe_13fhir_autotest8generate9bulk_data6update11set_at_path
FN:248,_RNvNtNtNtCsl0WY4FsqnHe_13fhir_autotest8generate9bulk_data6update13mutate_number
FN:243,_RNvNtNtNtCsl0WY4FsqnHe_13fhir_autotest8generate9bulk_data6update13mutate_string
FN:126,_RNvNtNtNtCsl0WY4FsqnHe_13fhir_autotest8generate9bulk_data6update17walk_for_mutables
FN:183,_RNvNtNtNtCsl0WY4FsqnHe_13fhir_autotest8generate9bulk_data6update18is_reference_field
FN:72,_RNvNtNtNtCsl0WY4FsqnHe_13fhir_autotest8generate9bulk_data6update20apply_random_updates
FN:118,_RNvNtNtNtCsl0WY4FsqnHe_13fhir_autotest8generate9bulk_data6update22discover_mutable_paths
FN:18,_RNvNtNtNtCsl0WY4FsqnHe_13fhir_autotest8generate9bulk_data6update22generate_update_ndjson
FNDA:0,_RNvNtNtNtCsjv21AyyWKm0_13fhir_autotest8generate9bulk_data6update11get_at_path
FNDA:0,_RNvNtNtNtCsjv21AyyWKm0_13fhir_autotest8generate9bulk_data6update11mutate_bool
FNDA:23,_RNvNtNtNtCsjv21AyyWKm0_13fhir_autotest8generate9bulk_data6update11set_at_path
FNDA:0,_RNvNtNtNtCsjv21AyyWKm0_13fhir_autotest8generate9bulk_data6update13mutate_number
FNDA:23,_RNvNtNtNtCsjv21AyyWKm0_13fhir_autotest8generate9bulk_data6update13mutate_string
FNDA:135,_RNvNtNtNtCsjv21AyyWKm0_13fhir_autotest8generate9bulk_data6update17walk_for_mutables
FNDA:110,_RNvNtNtNtCsjv21AyyWKm0_13fhir_autotest8generate9bulk_data6update18is_reference_field
FNDA:15,_RNvNtNtNtCsjv21AyyWKm0_13fhir_autotest8generate9bulk_data6update20apply_random_updates
FNDA:15,_RNvNtNtNtCsjv21AyyWKm0_13fhir_autotest8generate9bulk_data6update22discover_mutable_paths
FNDA:1,_RNvNtNtNtCsjv21AyyWKm0_13fhir_autotest8generate9bulk_data6update22generate_update_ndjson
FNDA:0,_RNCNvNtNtNtCsjv21AyyWKm0_13fhir_autotest8generate9bulk_data6update11mutate_bool0B9_
FNDA:17,_RNCNvNtNtNtCsjv21AyyWKm0_13fhir_autotest8generate9bulk_data6update11set_at_path0B9_
FNDA:0,_RNCNvNtNtNtCsjv21AyyWKm0_13fhir_autotest8generate9bulk_data6update13mutate_number0B9_
FNDA:23,_RNCNvNtNtNtCsjv21AyyWKm0_13fhir_autotest8generate9bulk_data6update20apply_random_updates0B9_
FNDA:2,_RNCNvNtNtNtCsjv21AyyWKm0_13fhir_autotest8generate9bulk_data6update22generate_update_ndjson0B9_
FNDA:15,_RNCNvNtNtNtCsjv21AyyWKm0_13fhir_autotest8generate9bulk_data6update22generate_update_ndjsons_0B9_
FNDA:20,_RNCNvNtNtNtCsl0WY4FsqnHe_13fhir_autotest8generate9bulk_data6update11mutate_bool0B9_
FNDA:14,_RNCNvNtNtNtCsl0WY4FsqnHe_13fhir_autotest8generate9bulk_data6update11set_at_path0B9_
FNDA:0,_RNCNvNtNtNtCsl0WY4FsqnHe_13fhir_autotest8generate9bulk_data6update13mutate_number0B9_
FNDA:31,_RNCNvNtNtNtCsl0WY4FsqnHe_13fhir_autotest8generate9bulk_data6update20apply_random_updates0B9_
FNDA:5,_RNCNvNtNtNtCsl0WY4FsqnHe_13fhir_autotest8generate9bulk_data6update22generate_update_ndjson0B9_
FNDA:22,_RNCNvNtNtNtCsl0WY4FsqnHe_13fhir_autotest8generate9bulk_data6update22generate_update_ndjsons_0B9_
FNDA:20,_RNvNtNtNtCsl0WY4FsqnHe_13fhir_autotest8generate9bulk_data6update11get_at_path
FNDA:20,_RNvNtNtNtCsl0WY4FsqnHe_13fhir_autotest8generate9bulk_data6update11mutate_bool
FNDA:31,_RNvNtNtNtCsl0WY4FsqnHe_13fhir_autotest8generate9bulk_data6update11set_at_path
FNDA:0,_RNvNtNtNtCsl0WY4FsqnHe_13fhir_autotest8generate9bulk_data6update13mutate_number
FNDA:11,_RNvNtNtNtCsl0WY4FsqnHe_13fhir_autotest8generate9bulk_data6update13mutate_string
FNDA:426,_RNvNtNtNtCsl0WY4FsqnHe_13fhir_autotest8generate9bulk_data6update17walk_for_mutables
FNDA:330,_RNvNtNtNtCsl0WY4FsqnHe_13fhir_autotest8generate9bulk_data6update18is_reference_field
FNDA:22,_RNvNtNtNtCsl0WY4FsqnHe_13fhir_autotest8generate9bulk_data6update20apply_random_updates
FNDA:22,_RNvNtNtNtCsl0WY4FsqnHe_13fhir_autotest8generate9bulk_data6update22discover_mutable_paths
FNDA:4,_RNvNtNtNtCsl0WY4FsqnHe_13fhir_autotest8generate9bulk_data6update22generate_update_ndjson
FNF:16
FNH:14
DA:18,5
DA:21,5
DA:22,5
DA:23,5
DA:24,5
DA:25,5
DA:26,5
DA:30,5
DA:31,5
DA:32,7
DA:33,5
DA:36,7
DA:37,7
DA:38,0
DA:39,7
DA:42,7
DA:43,7
DA:44,7
DA:45,0
DA:48,37
DA:49,37
DA:50,37
DA:51,37
DA:52,37
DA:53,37
DA:57,5
DA:58,5
DA:61,0
DA:63,5
DA:64,5
DA:72,37
DA:73,37
DA:74,37
DA:75,37
DA:76,37
DA:78,37
DA:79,37
DA:80,0
DA:81,37
DA:83,37
DA:84,37
DA:86,54
DA:87,54
DA:88,54
DA:89,54
DA:93,37
DA:94,37
DA:95,54
DA:96,54
DA:97,54
DA:98,54
DA:99,37
DA:101,54
DA:102,54
DA:103,54
DA:104,37
DA:118,37
DA:119,37
DA:120,37
DA:121,37
DA:122,37
DA:123,37
DA:126,561
DA:127,561
DA:128,561
DA:129,561
DA:130,561
DA:131,561
DA:132,151
DA:133,151
DA:134,551
DA:136,551
DA:137,111
DA:138,440
DA:140,440
DA:141,10
DA:142,430
DA:144,430
DA:145,270
DA:146,270
DA:147,430
DA:148,430
DA:149,430
DA:152,121
DA:153,121
DA:154,121
DA:157,121
DA:158,94
DA:159,94
DA:160,94
DA:161,94
DA:162,94
DA:165,267
DA:167,267
DA:168,0
DA:169,267
DA:170,267
DA:172,0
DA:173,0
DA:174,0
DA:175,22
DA:176,22
DA:177,22
DA:178,0
DA:180,561
DA:183,440
DA:184,440
DA:185,10
DA:186,10
DA:187,10
DA:189,10
DA:190,430
DA:193,430
DA:194,440
DA:197,20
DA:198,20
DA:199,20
DA:200,20
DA:201,20
DA:203,0
DA:204,0
DA:205,0
DA:207,20
DA:210,20
DA:211,20
DA:214,54
DA:215,54
DA:217,54
DA:218,96
DA:219,96
DA:220,96
DA:221,31
DA:222,31
DA:223,31
DA:224,31
DA:225,31
DA:226,31
DA:227,31
DA:228,0
DA:229,0
DA:230,31
DA:231,31
DA:232,65
DA:233,54
DA:234,54
DA:235,11
DA:236,11
DA:237,11
DA:239,54
DA:243,34
DA:244,34
DA:245,34
DA:246,34
DA:248,0
DA:249,0
DA:250,0
DA:251,0
DA:253,0
DA:254,0
DA:256,0
DA:257,0
DA:258,0
DA:260,20
DA:261,20
DA:262,20
DA:263,20
DA:264,20
DA:265,20
BRF:0
BRH:0
LF:174
LH:149
end_of_record
SF:/home/jc/git/fhir-autotest/fhir-ig-test-generator/src/generate/conformance.rs
FN:1685,_RNvNtNtCsjv21AyyWKm0_13fhir_autotest8generate11conformance17validate_document
FN:1630,_RNvNtNtCsjv21AyyWKm0_13fhir_autotest8generate11conformance17validate_metadata
FN:1593,_RNvNtNtCsjv21AyyWKm0_13fhir_autotest8generate11conformance17validate_security
FN:1658,_RNvNtNtCsjv21AyyWKm0_13fhir_autotest8generate11conformance18validate_messaging
FN:1196,_RNvNtNtCsjv21AyyWKm0_13fhir_autotest8generate11conformance20collect_slice_fields
FN:1103,_RNvNtNtCsjv21AyyWKm0_13fhir_autotest8generate11conformance22collect_binding_fields
FN:1243,_RNvNtNtCsjv21AyyWKm0_13fhir_autotest8generate11conformance22collect_extension_urls
FN:1008,_RNvNtNtCsjv21AyyWKm0_13fhir_autotest8generate11conformance25collect_constraint_fields
FN:973,_RNvNtNtCsjv21AyyWKm0_13fhir_autotest8generate11conformance26collect_cardinality_fields
FN:1129,_RNvNtNtCsjv21AyyWKm0_13fhir_autotest8generate11conformance26collect_fixed_value_fields
FN:225,_RNvNtNtCsjv21AyyWKm0_13fhir_autotest8generate11conformance26generate_conformance_tests
FN:951,_RNvNtNtCsjv21AyyWKm0_13fhir_autotest8generate11conformance27collect_must_support_fields
FN:1345,_RNvNtNtCsjv21AyyWKm0_13fhir_autotest8generate11conformance29conformance_test_to_test_case
FN:920,_RNvNtNtCsjv21AyyWKm0_13fhir_autotest8generate11conformance29extract_expression_field_path
FN:49,_RNvNtNtCsjv21AyyWKm0_13fhir_autotest8generate11conformance29validate_capability_statement
FN:1269,_RNvNtNtCsjv21AyyWKm0_13fhir_autotest8generate11conformance30collect_type_constraint_fields
FN:1310,_RNvNtNtCsjv21AyyWKm0_13fhir_autotest8generate11conformance31collect_reference_target_fields
FN:1055,_RNvNtNtCsjv21AyyWKm0_13fhir_autotest8generate11conformance34extract_field_path_from_expression
FN:997,_RNCNCNCNvNtNtCsjv21AyyWKm0_13fhir_autotest8generate11conformance26collect_cardinality_fieldss0_000Bb_
FN:259,_RNCNCNCNvNtNtCsjv21AyyWKm0_13fhir_autotest8generate11conformance26generate_conformance_testss1_000Bb_
FN:993,_RNCNCNvNtNtCsjv21AyyWKm0_13fhir_autotest8generate11conformance26collect_cardinality_fieldss0_00B9_
FN:987,_RNCNCNvNtNtCsjv21AyyWKm0_13fhir_autotest8generate11conformance26collect_cardinality_fieldss_00B9_
FN:259,_RNCNCNvNtNtCsjv21AyyWKm0_13fhir_autotest8generate11conformance26generate_conformance_testss1_00B9_
FN:265,_RNCNCNvNtNtCsjv21AyyWKm0_13fhir_autotest8generate11conformance26generate_conformance_testss2_00B9_
FN:967,_RNCNCNvNtNtCsjv21AyyWKm0_13fhir_autotest8generate11conformance27collect_must_support_fieldss_00B9_
FN:1114,_RNCNvNtNtCsjv21AyyWKm0_13fhir_autotest8generate11conformance22collect_binding_fields0B7_
FN:1115,_RNCNvNtNtCsjv21AyyWKm0_13fhir_autotest8generate11conformance22collect_binding_fieldss_0B7_
FN:984,_RNCNvNtNtCsjv21AyyWKm0_13fhir_autotest8generate11conformance26collect_cardinality_fields0B7_
FN:990,_RNCNvNtNtCsjv21AyyWKm0_13fhir_autotest8generate11conformance26collect_cardinality_fieldss0_0B7_
FN:985,_RNCNvNtNtCsjv21AyyWKm0_13fhir_autotest8generate11conformance26collect_cardinality_fieldss_0B7_
FN:244,_RNCNvNtNtCsjv21AyyWKm0_13fhir_autotest8generate11conformance26generate_conformance_tests0B7_
FN:251,_RNCNvNtNtCsjv21AyyWKm0_13fhir_autotest8generate11conformance26generate_conformance_testss0_0B7_
FN:255,_RNCNvNtNtCsjv21AyyWKm0_13fhir_autotest8generate11conformance26generate_conformance_testss1_0B7_
FN:261,_RNCNvNtNtCsjv21AyyWKm0_13fhir_autotest8generate11conformance26generate_conformance_testss2_0B7_
FN:358,_RNCNvNtNtCsjv21AyyWKm0_13fhir_autotest8generate11conformance26generate_conformance_testss3_0B7_
FN:417,_RNCNvNtNtCsjv21AyyWKm0_13fhir_autotest8generate11conformance26generate_conformance_testss4_0B7_
FN:744,_RNCNvNtNtCsjv21AyyWKm0_13fhir_autotest8generate11conformance26generate_conformance_testss5_0B7_
FN:877,_RNCNvNtNtCsjv21AyyWKm0_13fhir_autotest8generate11conformance26generate_conformance_testss6_0B7_
FN:909,_RNCNvNtNtCsjv21AyyWKm0_13fhir_autotest8generate11conformance26generate_conformance_testss7_0B7_
FN:820,_RNCNvNtNtCsjv21AyyWKm0_13fhir_autotest8generate11conformance26generate_conformance_testss8_0B7_
FN:245,_RNCNvNtNtCsjv21AyyWKm0_13fhir_autotest8generate11conformance26generate_conformance_testss_0B7_
FN:962,_RNCNvNtNtCsjv21AyyWKm0_13fhir_autotest8generate11conformance27collect_must_support_fields0B7_
FN:963,_RNCNvNtNtCsjv21AyyWKm0_13fhir_autotest8generate11conformance27collect_must_support_fieldss_0B7_
FN:66,_RNCNvNtNtCsjv21AyyWKm0_13fhir_autotest8generate11conformance29validate_capability_statement0B7_
FN:1298,_RNCNvNtNtCsjv21AyyWKm0_13fhir_autotest8generate11conformance30collect_type_constraint_fields0B7_
FN:1069,_RNCNvNtNtCsjv21AyyWKm0_13fhir_autotest8generate11conformance34extract_field_path_from_expression0B7_
FN:1098,_RNCNvNtNtCsjv21AyyWKm0_13fhir_autotest8generate11conformance34extract_field_path_from_expressions0_0B7_
FN:1082,_RNCNvNtNtCsjv21AyyWKm0_13fhir_autotest8generate11conformance34extract_field_path_from_expressions_0B7_
FN:1768,_RNvNtNtNtCsl0WY4FsqnHe_13fhir_autotest8generate11conformance5tests14sample_profile
FN:1918,_RNvNtNtNtCsl0WY4FsqnHe_13fhir_autotest8generate11conformance5tests19sample_rich_profile
FN:1720,_RNvNtNtNtCsl0WY4FsqnHe_13fhir_autotest8generate11conformance5tests9sample_cs
FN:2343,_RNvNtNtNtCsl0WY4FsqnHe_13fhir_autotest8generate11conformance5testss_26generate_cardinality_tests
FN:2280,_RNvNtNtNtCsl0WY4FsqnHe_13fhir_autotest8generate11conformance5testss_26validate_cs_missing_status
FN:2288,_RNvNtNtNtCsl0WY4FsqnHe_13fhir_autotest8generate11conformance5testss_26validate_cs_no_server_rest
FN:3898,_RNvNtNtNtCsl0WY4FsqnHe_13fhir_autotest8generate11conformance5testss_26validate_cs_unusual_status
FN:2311,_RNvNtNtNtCsl0WY4FsqnHe_13fhir_autotest8generate11conformance5testss_27generate_must_support_tests
FN:2786,_RNvNtNtNtCsl0WY4FsqnHe_13fhir_autotest8generate11conformance5testss_27validate_security_with_cors
FN:2918,_RNvNtNtNtCsl0WY4FsqnHe_13fhir_autotest8generate11conformance5testss_28validate_document_valid_mode
FN:2799,_RNvNtNtNtCsl0WY4FsqnHe_13fhir_autotest8generate11conformance5testss_28validate_security_with_oauth
FN:2778,_RNvNtNtNtCsl0WY4FsqnHe_13fhir_autotest8generate11conformance5testss_29validate_security_no_security
FN:2943,_RNvNtNtNtCsl0WY4FsqnHe_13fhir_autotest8generate11conformance5testss_30validate_document_missing_mode
FN:2910,_RNvNtNtNtCsl0WY4FsqnHe_13fhir_autotest8generate11conformance5testss_30validate_document_no_documents
FN:2931,_RNvNtNtNtCsl0WY4FsqnHe_13fhir_autotest8generate11conformance5testss_30validate_document_unusual_mode
FN:2505,_RNvNtNtNtCsl0WY4FsqnHe_13fhir_autotest8generate11conformance5testss_31generate_slice_validation_tests
FN:2873,_RNvNtNtNtCsl0WY4FsqnHe_13fhir_autotest8generate11conformance5testss_31validate_messaging_no_messaging
FN:2829,_RNvNtNtNtCsl0WY4FsqnHe_13fhir_autotest8generate11conformance5testss_31validate_metadata_with_software
FN:2881,_RNvNtNtNtCsl0WY4FsqnHe_13fhir_autotest8generate11conformance5testss_32validate_messaging_with_endpoint
FN:2672,_RNvNtNtNtCsl0WY4FsqnHe_13fhir_autotest8generate11conformance5testss_33collect_slice_fields_finds_slices
FN:2449,_RNvNtNtNtCsl0WY4FsqnHe_13fhir_autotest8generate11conformance5testss_33generate_binding_validation_tests
FN:3994,_RNvNtNtNtCsl0WY4FsqnHe_13fhir_autotest8generate11conformance5testss_33validate_cs_missing_resource_type
FN:2960,_RNvNtNtNtCsl0WY4FsqnHe_13fhir_autotest8generate11conformance5testss_33validate_document_missing_profile
FN:2770,_RNvNtNtNtCsl0WY4FsqnHe_13fhir_autotest8generate11conformance5testss_35extract_expression_field_path_empty
FN:2531,_RNvNtNtNtCsl0WY4FsqnHe_13fhir_autotest8generate11conformance5testss_35generate_extension_validation_tests
FN:2895,_RNvNtNtNtCsl0WY4FsqnHe_13fhir_autotest8generate11conformance5testss_35validate_messaging_missing_endpoint
FN:2421,_RNvNtNtNtCsl0WY4FsqnHe_13fhir_autotest8generate11conformance5testss_36generate_constraint_validation_tests
FN:2477,_RNvNtNtNtCsl0WY4FsqnHe_13fhir_autotest8generate11conformance5testss_37generate_fixed_value_validation_tests
FN:2374,_RNvNtNtNtCsl0WY4FsqnHe_13fhir_autotest8generate11conformance5testss_37generate_undeclared_interaction_tests
FN:3906,_RNvNtNtNtCsl0WY4FsqnHe_13fhir_autotest8generate11conformance5testss_37validate_cs_missing_search_param_name
FN:3950,_RNvNtNtNtCsl0WY4FsqnHe_13fhir_autotest8generate11conformance5testss_37validate_cs_missing_search_param_type
FN:2403,_RNvNtNtNtCsl0WY4FsqnHe_13fhir_autotest8generate11conformance5testss_38generate_undeclared_search_param_tests
FN:2686,_RNvNtNtNtCsl0WY4FsqnHe_13fhir_autotest8generate11conformance5testss_39collect_extension_urls_finds_extensions
FN:2842,_RNvNtNtNtCsl0WY4FsqnHe_13fhir_autotest8generate11conformance5testss_39validate_metadata_missing_software_name
FN:2764,_RNvNtNtNtCsl0WY4FsqnHe_13fhir_autotest8generate11conformance5testss_40extract_expression_field_path_bare_field
FN:3170,_RNvNtNtNtCsl0WY4FsqnHe_13fhir_autotest8generate11conformance5testss_41conformance_test_to_test_case_cardinality
FN:3039,_RNvNtNtNtCsl0WY4FsqnHe_13fhir_autotest8generate11conformance5testss_41conformance_test_to_test_case_fixed_value
FN:2559,_RNvNtNtNtCsl0WY4FsqnHe_13fhir_autotest8generate11conformance5testss_41generate_type_constraint_validation_tests
FN:3831,_RNvNtNtNtCsl0WY4FsqnHe_13fhir_autotest8generate11conformance5testss_41validate_security_non_server_rest_skipped
FN:2269,_RNvNtNtNtCsl0WY4FsqnHe_13fhir_autotest8generate11conformance5testss_41validate_well_formed_capability_statement
FN:2974,_RNvNtNtNtCsl0WY4FsqnHe_13fhir_autotest8generate11conformance5testss_42conformance_test_to_test_case_must_support
FN:3591,_RNvNtNtNtCsl0WY4FsqnHe_13fhir_autotest8generate11conformance5testss_42generate_conformance_tests_with_versioning
FN:2587,_RNvNtNtNtCsl0WY4FsqnHe_13fhir_autotest8generate11conformance5testss_42generate_reference_target_validation_tests
FN:3861,_RNvNtNtNtCsl0WY4FsqnHe_13fhir_autotest8generate11conformance5testss_42validate_metadata_missing_software_version
FN:2746,_RNvNtNtNtCsl0WY4FsqnHe_13fhir_autotest8generate11conformance5testss_43extract_expression_field_path_with_subfield
FN:3642,_RNvNtNtNtCsl0WY4FsqnHe_13fhir_autotest8generate11conformance5testss_44generate_conformance_tests_with_read_history
FN:2655,_RNvNtNtNtCsl0WY4FsqnHe_13fhir_autotest8generate11conformance5testss_45collect_fixed_value_fields_finds_fixed_values
FN:2719,_RNvNtNtNtCsl0WY4FsqnHe_13fhir_autotest8generate11conformance5testss_45collect_reference_target_fields_finds_targets
FN:3148,_RNvNtNtNtCsl0WY4FsqnHe_13fhir_autotest8generate11conformance5testss_45extract_field_path_from_expression_bare_field
FN:3695,_RNvNtNtNtCsl0WY4FsqnHe_13fhir_autotest8generate11conformance5testss_45generate_conformance_tests_with_search_params
FN:2638,_RNvNtNtNtCsl0WY4FsqnHe_13fhir_autotest8generate11conformance5testss_46collect_binding_fields_finds_required_bindings
FN:3234,_RNvNtNtNtCsl0WY4FsqnHe_13fhir_autotest8generate11conformance5testss_46conformance_test_to_test_case_slice_validation
FN:2752,_RNvNtNtNtCsl0WY4FsqnHe_13fhir_autotest8generate11conformance5testss_47extract_expression_field_path_with_alternatives
FN:2821,_RNvNtNtNtCsl0WY4FsqnHe_13fhir_autotest8generate11conformance5testss_47validate_metadata_no_software_or_implementation
FN:4125,_RNvNtNtNtCsl0WY4FsqnHe_13fhir_autotest8generate11conformance5testss_48collect_slice_fields_no_snapshot_or_differential
FN:3203,_RNvNtNtNtCsl0WY4FsqnHe_13fhir_autotest8generate11conformance5testss_48conformance_test_to_test_case_binding_validation
FN:3136,_RNvNtNtNtCsl0WY4FsqnHe_13fhir_autotest8generate11conformance5testss_48extract_field_path_from_expression_simple_exists
FN:4091,_RNvNtNtNtCsl0WY4FsqnHe_13fhir_autotest8generate11conformance5testss_50collect_binding_fields_no_snapshot_or_differential
FN:4142,_RNvNtNtNtCsl0WY4FsqnHe_13fhir_autotest8generate11conformance5testss_50collect_extension_urls_no_snapshot_or_differential
FN:3266,_RNvNtNtNtCsl0WY4FsqnHe_13fhir_autotest8generate11conformance5testss_50conformance_test_to_test_case_extension_validation
FN:2740,_RNvNtNtNtCsl0WY4FsqnHe_13fhir_autotest8generate11conformance5testss_50extract_expression_field_path_with_resource_prefix
FN:3507,_RNvNtNtNtCsl0WY4FsqnHe_13fhir_autotest8generate11conformance5testss_50generate_conformance_tests_non_server_mode_skipped
FN:3385,_RNvNtNtNtCsl0WY4FsqnHe_13fhir_autotest8generate11conformance5testss_51conformance_test_to_test_case_constraint_validation
FN:3073,_RNvNtNtNtCsl0WY4FsqnHe_13fhir_autotest8generate11conformance5testss_51conformance_test_to_test_case_expression_validation
FN:3104,_RNvNtNtNtCsl0WY4FsqnHe_13fhir_autotest8generate11conformance5testss_52conformance_test_to_test_case_target_type_validation
FN:3008,_RNvNtNtNtCsl0WY4FsqnHe_13fhir_autotest8generate11conformance5testss_52conformance_test_to_test_case_undeclared_interaction
FN:4212,_RNvNtNtNtCsl0WY4FsqnHe_13fhir_autotest8generate11conformance5testss_52extract_field_path_from_expression_with_all_function
FN:3549,_RNvNtNtNtCsl0WY4FsqnHe_13fhir_autotest8generate11conformance5testss_52generate_conformance_tests_non_resource_type_skipped
FN:2854,_RNvNtNtNtCsl0WY4FsqnHe_13fhir_autotest8generate11conformance5testss_52validate_metadata_missing_implementation_description
FN:2620,_RNvNtNtNtCsl0WY4FsqnHe_13fhir_autotest8generate11conformance5testss_53collect_constraint_fields_extracts_simple_expressions
FN:4074,_RNvNtNtNtCsl0WY4FsqnHe_13fhir_autotest8generate11conformance5testss_53collect_constraint_fields_no_snapshot_or_differential
FN:3356,_RNvNtNtNtCsl0WY4FsqnHe_13fhir_autotest8generate11conformance5testss_53conformance_test_to_test_case_undeclared_search_param
FN:2758,_RNvNtNtNtCsl0WY4FsqnHe_13fhir_autotest8generate11conformance5testss_53extract_expression_field_path_without_resource_prefix
FN:4057,_RNvNtNtNtCsl0WY4FsqnHe_13fhir_autotest8generate11conformance5testss_54collect_cardinality_fields_no_snapshot_or_differential
FN:4108,_RNvNtNtNtCsl0WY4FsqnHe_13fhir_autotest8generate11conformance5testss_54collect_fixed_value_fields_no_snapshot_or_differential
FN:4222,_RNvNtNtNtCsl0WY4FsqnHe_13fhir_autotest8generate11conformance5testss_54extract_field_path_from_expression_with_where_function
FN:3762,_RNvNtNtNtCsl0WY4FsqnHe_13fhir_autotest8generate11conformance5testss_54generate_conformance_tests_with_reference_search_param
FN:4040,_RNvNtNtNtCsl0WY4FsqnHe_13fhir_autotest8generate11conformance5testss_55collect_must_support_fields_no_snapshot_or_differential
FN:2699,_RNvNtNtNtCsl0WY4FsqnHe_13fhir_autotest8generate11conformance5testss_55collect_type_constraint_fields_finds_polymorphic_fields
FN:3142,_RNvNtNtNtCsl0WY4FsqnHe_13fhir_autotest8generate11conformance5testss_55extract_field_path_from_expression_starts_with_function
FN:3880,_RNvNtNtNtCsl0WY4FsqnHe_13fhir_autotest8generate11conformance5testss_55validate_messaging_missing_supported_message_definition
FN:3295,_RNvNtNtNtCsl0WY4FsqnHe_13fhir_autotest8generate11conformance5testss_56conformance_test_to_test_case_type_constraint_validation
FN:4195,_RNvNtNtNtCsl0WY4FsqnHe_13fhir_autotest8generate11conformance5testss_56extract_expression_field_path_with_alternatives_subfield
FN:3154,_RNvNtNtNtCsl0WY4FsqnHe_13fhir_autotest8generate11conformance5testss_56extract_field_path_from_expression_with_base_type_prefix
FN:3325,_RNvNtNtNtCsl0WY4FsqnHe_13fhir_autotest8generate11conformance5testss_57conformance_test_to_test_case_reference_target_validation
FN:4204,_RNvNtNtNtCsl0WY4FsqnHe_13fhir_autotest8generate11conformance5testss_57extract_expression_field_path_no_resource_prefix_with_dot
FN:4159,_RNvNtNtNtCsl0WY4FsqnHe_13fhir_autotest8generate11conformance5testss_58collect_type_constraint_fields_no_snapshot_or_differential
FN:3419,_RNvNtNtNtCsl0WY4FsqnHe_13fhir_autotest8generate11conformance5testss_58conformance_test_to_test_case_undeclared_interaction_vread
FN:4176,_RNvNtNtNtCsl0WY4FsqnHe_13fhir_autotest8generate11conformance5testss_59collect_reference_target_fields_no_snapshot_or_differential
FN:3448,_RNvNtNtNtCsl0WY4FsqnHe_13fhir_autotest8generate11conformance5testss_60conformance_test_to_test_case_undeclared_interaction_history
FN:3476,_RNvNtNtNtCsl0WY4FsqnHe_13fhir_autotest8generate11conformance5testss_60conformance_test_to_test_case_undeclared_interaction_unknown
FN:3161,_RNvNtNtNtCsl0WY4FsqnHe_13fhir_autotest8generate11conformance5testss_61extract_field_path_from_expression_falls_back_to_element_path
FN:4232,_RNvNtNtNtCsl0WY4FsqnHe_13fhir_autotest8generate11conformance5testss_69extract_field_path_from_expression_with_base_type_prefix_and_function
FN:2350,_RNCNvNtNtNtCsl0WY4FsqnHe_13fhir_autotest8generate11conformance5testss_26generate_cardinality_tests0B9_
FN:2366,_RNCNvNtNtNtCsl0WY4FsqnHe_13fhir_autotest8generate11conformance5testss_26generate_cardinality_testss0_0B9_
FN:2361,_RNCNvNtNtNtCsl0WY4FsqnHe_13fhir_autotest8generate11conformance5testss_26generate_cardinality_testss_0B9_
FN:2284,_RNCNvNtNtNtCsl0WY4FsqnHe_13fhir_autotest8generate11conformance5testss_26validate_cs_missing_status0B9_
FN:2307,_RNCNvNtNtNtCsl0WY4FsqnHe_13fhir_autotest8generate11conformance5testss_26validate_cs_no_server_rest0B9_
FN:3902,_RNCNvNtNtNtCsl0WY4FsqnHe_13fhir_autotest8generate11conformance5testss_26validate_cs_unusual_status0B9_
FN:2318,_RNCNvNtNtNtCsl0WY4FsqnHe_13fhir_autotest8generate11conformance5testss_27generate_must_support_tests0B9_
FN:2335,_RNCNvNtNtNtCsl0WY4FsqnHe_13fhir_autotest8generate11conformance5testss_27generate_must_support_testss0_0B9_
FN:2329,_RNCNvNtNtNtCsl0WY4FsqnHe_13fhir_autotest8generate11conformance5testss_27generate_must_support_testss_0B9_
FN:2795,_RNCNvNtNtNtCsl0WY4FsqnHe_13fhir_autotest8generate11conformance5testss_27validate_security_with_cors0B9_
FN:2815,_RNCNvNtNtNtCsl0WY4FsqnHe_13fhir_autotest8generate11conformance5testss_28validate_security_with_oauth0B9_
FN:2955,_RNCNvNtNtNtCsl0WY4FsqnHe_13fhir_autotest8generate11conformance5testss_30validate_document_missing_mode0B9_
FN:2939,_RNCNvNtNtNtCsl0WY4FsqnHe_13fhir_autotest8generate11conformance5testss_30validate_document_unusual_mode0B9_
FN:2512,_RNCNvNtNtNtCsl0WY4FsqnHe_13fhir_autotest8generate11conformance5testss_31generate_slice_validation_tests0B9_
FN:2522,_RNCNvNtNtNtCsl0WY4FsqnHe_13fhir_autotest8generate11conformance5testss_31generate_slice_validation_testss_0B9_
FN:2676,_RNCNvNtNtNtCsl0WY4FsqnHe_13fhir_autotest8generate11conformance5testss_33collect_slice_fields_finds_slices0B9_
FN:2456,_RNCNvNtNtNtCsl0WY4FsqnHe_13fhir_autotest8generate11conformance5testss_33generate_binding_validation_tests0B9_
FN:2468,_RNCNvNtNtNtCsl0WY4FsqnHe_13fhir_autotest8generate11conformance5testss_33generate_binding_validation_testss_0B9_
FN:4033,_RNCNvNtNtNtCsl0WY4FsqnHe_13fhir_autotest8generate11conformance5testss_33validate_cs_missing_resource_type0B9_
FN:2968,_RNCNvNtNtNtCsl0WY4FsqnHe_13fhir_autotest8generate11conformance5testss_33validate_document_missing_profile0B9_
FN:2538,_RNCNvNtNtNtCsl0WY4FsqnHe_13fhir_autotest8generate11conformance5testss_35generate_extension_validation_tests0B9_
FN:2550,_RNCNvNtNtNtCsl0WY4FsqnHe_13fhir_autotest8generate11conformance5testss_35generate_extension_validation_testss_0B9_
FN:2904,_RNCNvNtNtNtCsl0WY4FsqnHe_13fhir_autotest8generate11conformance5testss_35validate_messaging_missing_endpoint0B9_
FN:2428,_RNCNvNtNtNtCsl0WY4FsqnHe_13fhir_autotest8generate11conformance5testss_36generate_constraint_validation_tests0B9_
FN:2440,_RNCNvNtNtNtCsl0WY4FsqnHe_13fhir_autotest8generate11conformance5testss_36generate_constraint_validation_testss_0B9_
FN:2484,_RNCNvNtNtNtCsl0WY4FsqnHe_13fhir_autotest8generate11conformance5testss_37generate_fixed_value_validation_tests0B9_
FN:2496,_RNCNvNtNtNtCsl0WY4FsqnHe_13fhir_autotest8generate11conformance5testss_37generate_fixed_value_validation_testss_0B9_
FN:2381,_RNCNvNtNtNtCsl0WY4FsqnHe_13fhir_autotest8generate11conformance5testss_37generate_undeclared_interaction_tests0B9_
FN:2395,_RNCNvNtNtNtCsl0WY4FsqnHe_13fhir_autotest8generate11conformance5testss_37generate_undeclared_interaction_testss_0B9_
FN:3946,_RNCNvNtNtNtCsl0WY4FsqnHe_13fhir_autotest8generate11conformance5testss_37validate_cs_missing_search_param_name0B9_
FN:3990,_RNCNvNtNtNtCsl0WY4FsqnHe_13fhir_autotest8generate11conformance5testss_37validate_cs_missing_search_param_type0B9_
FN:2410,_RNCNvNtNtNtCsl0WY4FsqnHe_13fhir_autotest8generate11conformance5testss_38generate_undeclared_search_param_tests0B9_
FN:2690,_RNCNvNtNtNtCsl0WY4FsqnHe_13fhir_autotest8generate11conformance5testss_39collect_extension_urls_finds_extensions0B9_
FN:2850,_RNCNvNtNtNtCsl0WY4FsqnHe_13fhir_autotest8generate11conformance5testss_39validate_metadata_missing_software_name0B9_
FN:2566,_RNCNvNtNtNtCsl0WY4FsqnHe_13fhir_autotest8generate11conformance5testss_41generate_type_constraint_validation_tests0B9_
FN:2578,_RNCNvNtNtNtCsl0WY4FsqnHe_13fhir_autotest8generate11conformance5testss_41generate_type_constraint_validation_testss_0B9_
FN:3636,_RNCNvNtNtNtCsl0WY4FsqnHe_13fhir_autotest8generate11conformance5testss_42generate_conformance_tests_with_versioning0B9_
FN:2594,_RNCNvNtNtNtCsl0WY4FsqnHe_13fhir_autotest8generate11conformance5testss_42generate_reference_target_validation_tests0B9_
FN:2611,_RNCNvNtNtNtCsl0WY4FsqnHe_13fhir_autotest8generate11conformance5testss_42generate_reference_target_validation_testss_0B9_
FN:3873,_RNCNvNtNtNtCsl0WY4FsqnHe_13fhir_autotest8generate11conformance5testss_42validate_metadata_missing_software_version0B9_
FN:3689,_RNCNvNtNtNtCsl0WY4FsqnHe_13fhir_autotest8generate11conformance5testss_44generate_conformance_tests_with_read_history0B9_
FN:2659,_RNCNvNtNtNtCsl0WY4FsqnHe_13fhir_autotest8generate11conformance5testss_45collect_fixed_value_fields_finds_fixed_values0B9_
FN:2725,_RNCNvNtNtNtCsl0WY4FsqnHe_13fhir_autotest8generate11conformance5testss_45collect_reference_target_fields_finds_targets0B9_
FN:3753,_RNCNvNtNtNtCsl0WY4FsqnHe_13fhir_autotest8generate11conformance5testss_45generate_conformance_tests_with_search_params0B9_
FN:2642,_RNCNvNtNtNtCsl0WY4FsqnHe_13fhir_autotest8generate11conformance5testss_46collect_binding_fields_finds_required_bindings0B9_
FN:2866,_RNCNvNtNtNtCsl0WY4FsqnHe_13fhir_autotest8generate11conformance5testss_52validate_metadata_missing_implementation_description0B9_
FN:2624,_RNCNvNtNtNtCsl0WY4FsqnHe_13fhir_autotest8generate11conformance5testss_53collect_constraint_fields_extracts_simple_expressions0B9_
FN:3820,_RNCNvNtNtNtCsl0WY4FsqnHe_13fhir_autotest8generate11conformance5testss_54generate_conformance_tests_with_reference_search_param0B9_
FN:2705,_RNCNvNtNtNtCsl0WY4FsqnHe_13fhir_autotest8generate11conformance5testss_55collect_type_constraint_fields_finds_polymorphic_fields0B9_
FN:3892,_RNCNvNtNtNtCsl0WY4FsqnHe_13fhir_autotest8generate11conformance5testss_55validate_messaging_missing_supported_message_definition0B9_
FN:1685,_RNvNtNtCsl0WY4FsqnHe_13fhir_autotest8generate11conformance17validate_document
FN:1630,_RNvNtNtCsl0WY4FsqnHe_13fhir_autotest8generate11conformance17validate_metadata
FN:1593,_RNvNtNtCsl0WY4FsqnHe_13fhir_autotest8generate11conformance17validate_security
[...]
DA:56,5
DA:57,54
DA:60,59
DA:61,2
DA:62,2
DA:63,2
DA:64,2
DA:65,2
DA:66,2
DA:67,2
DA:68,57
DA:69,59
DA:70,1
DA:71,1
DA:72,1
DA:73,1
DA:74,1
DA:75,1
DA:76,1
DA:77,58
DA:78,59
DA:79,1
DA:80,1
DA:81,1
DA:82,1
DA:83,1
DA:84,1
DA:85,1
DA:86,58
DA:87,59
DA:88,0
DA:89,0
DA:90,0
DA:91,0
DA:92,59
DA:93,59
DA:94,1
DA:95,1
DA:96,1
DA:97,1
DA:98,58
DA:101,59
DA:102,1
DA:103,1
DA:104,1
DA:105,1
DA:106,1
DA:107,1
DA:108,1
DA:109,58
DA:110,59
DA:111,1
DA:112,1
DA:113,1
DA:114,1
DA:115,1
DA:116,1
DA:117,1
DA:118,58
DA:121,59
DA:122,1
DA:123,1
DA:124,1
DA:125,1
DA:126,1
DA:127,1
DA:128,1
DA:129,58
DA:132,59
DA:133,1
DA:134,1
DA:135,1
DA:136,1
DA:137,1
DA:138,1
DA:139,1
DA:140,58
DA:141,59
DA:142,1
DA:143,1
DA:144,1
DA:145,1
DA:146,1
DA:147,1
DA:148,1
DA:149,58
DA:152,59
DA:153,2
DA:154,2
DA:155,1
DA:156,1
DA:157,1
DA:158,1
DA:159,1
DA:160,58
DA:161,59
DA:162,1
DA:163,1
DA:164,1
DA:165,1
DA:166,1
DA:167,1
DA:168,1
DA:169,58
DA:172,59
DA:173,0
DA:174,0
DA:175,0
DA:176,0
DA:177,0
DA:178,0
DA:179,0
DA:180,59
DA:181,59
DA:182,2
DA:183,2
DA:184,1
DA:185,1
DA:186,1
DA:187,1
DA:188,1
DA:189,58
DA:192,59
DA:193,1
DA:194,1
DA:195,1
DA:196,1
DA:197,1
DA:198,1
DA:199,1
DA:200,58
DA:203,59
DA:204,1
DA:205,1
DA:206,1
DA:207,1
DA:208,1
DA:209,1
DA:210,1
DA:211,58
DA:214,27
DA:215,28
DA:219,94
DA:220,94
DA:221,1
DA:222,93
DA:224,93
DA:225,93
DA:226,28
DA:227,65
DA:229,65
DA:230,1
DA:231,64
DA:233,64
DA:236,64
DA:237,1
DA:238,63
DA:242,63
DA:243,11
DA:244,11
DA:246,52
DA:247,52
DA:248,52
DA:249,52
DA:250,52
DA:253,63
DA:254,94
DA:260,23
DA:261,23
DA:262,23
DA:263,23
DA:264,23
DA:265,23
DA:266,23
DA:267,23
DA:268,23
DA:269,23
DA:270,23
DA:271,23
DA:272,23
DA:273,23
DA:274,23
DA:275,23
DA:276,23
DA:277,23
DA:278,23
DA:279,23
DA:280,23
DA:281,23
DA:282,23
DA:283,23
DA:284,23
DA:285,23
DA:286,23
DA:287,23
DA:288,23
DA:289,23
DA:290,23
DA:291,23
DA:292,23
DA:293,23
DA:294,23
DA:295,23
DA:296,23
DA:297,23
DA:298,23
DA:299,23
DA:300,23
DA:301,23
DA:302,23
DA:303,23
DA:304,23
DA:305,23
DA:306,23
DA:307,23
DA:308,23
DA:309,23
DA:310,23
DA:311,23
DA:312,23
DA:313,23
DA:314,23
DA:315,23
DA:316,23
DA:317,23
DA:318,23
DA:319,23
DA:320,23
DA:321,23
DA:322,23
DA:323,23
DA:324,23
DA:325,23
DA:326,23
DA:327,23
DA:328,23
DA:329,23
DA:330,23
DA:331,23
DA:332,23
DA:333,23
DA:334,23
DA:335,23
DA:336,23
DA:337,23
DA:338,23
DA:339,23
DA:340,23
DA:341,23
DA:342,23
DA:343,23
DA:344,23
DA:345,23
DA:346,23
DA:349,1
DA:350,1
DA:351,1
DA:352,1
DA:353,1
DA:355,1
DA:356,1
DA:357,1
DA:360,1
DA:361,1
DA:362,1
DA:363,1
DA:364,1
DA:366,1
DA:367,1
DA:368,1
DA:371,1
DA:372,1
DA:373,1
DA:374,1
DA:376,1
DA:377,1
DA:378,1
DA:379,1
DA:380,1
DA:382,1
DA:385,1
DA:386,1
DA:387,1
DA:388,1
DA:389,1
DA:390,1
DA:391,1
DA:392,1
DA:393,1
DA:394,1
DA:395,1
DA:396,1
DA:397,1
DA:398,1
DA:399,1
DA:400,1
DA:401,1
DA:402,1
DA:403,1
DA:404,1
DA:405,1
DA:406,1
DA:407,1
DA:408,1
DA:409,1
DA:410,1
DA:411,1
DA:412,1
DA:413,1
DA:414,1
DA:415,1
DA:416,1
DA:417,1
DA:418,1
DA:419,1
DA:420,1
DA:421,1
DA:422,1
DA:423,1
DA:424,1
DA:425,1
DA:426,1
DA:428,1
DA:429,1
DA:430,1
DA:431,1
DA:433,1
DA:434,1
DA:435,1
DA:436,1
DA:437,1
DA:439,1
DA:442,1
DA:443,1
DA:444,1
DA:445,1
DA:446,1
DA:447,1
DA:448,1
DA:449,1
DA:450,1
DA:451,1
DA:452,1
DA:453,1
DA:454,1
DA:455,1
DA:456,1
DA:457,1
DA:458,1
DA:459,1
DA:460,1
DA:461,1
DA:462,1
DA:463,1
DA:464,1
DA:465,1
DA:466,1
DA:467,1
DA:468,1
DA:469,1
DA:470,1
DA:471,1
DA:472,1
DA:473,1
DA:474,1
DA:475,1
DA:476,1
DA:477,1
DA:478,1
DA:479,1
DA:480,1
DA:481,1
DA:482,1
DA:483,1
DA:485,1
DA:486,1
DA:487,1
DA:489,1
DA:490,1
DA:491,1
DA:494,1
DA:495,1
DA:496,1
DA:497,1
DA:498,1
DA:499,1
DA:500,1
DA:501,1
DA:502,1
DA:503,1
DA:504,1
DA:505,1
DA:506,1
DA:507,1
DA:508,1
DA:509,1
DA:510,1
DA:511,1
DA:512,1
DA:513,1
DA:514,1
DA:515,1
DA:516,1
DA:517,1
DA:518,1
DA:519,1
DA:520,1
DA:521,1
DA:522,1
DA:523,1
DA:524,1
DA:525,1
DA:526,1
DA:527,1
DA:528,1
DA:529,1
DA:530,1
DA:531,1
DA:532,1
DA:533,1
DA:534,1
DA:535,1
DA:538,1
DA:539,1
DA:540,1
DA:542,1
DA:543,1
DA:544,1
DA:545,1
DA:546,1
DA:550,1
DA:553,1
DA:554,1
DA:555,1
DA:556,1
DA:557,1
DA:558,1
DA:559,1
DA:560,1
DA:561,1
DA:562,1
DA:563,1
DA:564,1
DA:565,1
DA:566,1
DA:567,1
DA:568,1
DA:569,1
DA:570,1
DA:571,1
DA:572,1
DA:573,1
DA:574,1
DA:575,1
DA:576,1
DA:577,1
DA:578,1
DA:579,1
DA:580,1
DA:581,1
DA:582,1
DA:583,1
DA:584,1
DA:585,1
DA:586,1
DA:587,1
DA:588,1
DA:589,1
DA:590,1
DA:591,1
DA:592,1
DA:593,1
DA:594,1
DA:597,1
DA:598,1
DA:599,1
DA:601,1
DA:602,1
DA:603,1
DA:604,1
DA:605,1
DA:609,1
DA:612,1
DA:613,1
DA:614,1
DA:615,1
DA:616,1
DA:617,1
DA:618,1
DA:619,1
DA:620,1
DA:621,1
DA:622,1
DA:623,1
DA:624,1
DA:625,1
DA:626,1
DA:627,1
DA:628,1
DA:629,1
DA:630,1
DA:631,1
DA:632,1
DA:633,1
DA:634,1
DA:635,1
DA:636,1
DA:637,1
DA:638,1
DA:639,1
DA:640,1
DA:641,1
DA:642,1
DA:643,1
DA:644,1
DA:645,1
DA:646,1
DA:647,1
DA:648,1
DA:649,1
DA:650,1
DA:651,1
DA:652,1
DA:653,1
DA:655,1
DA:656,1
DA:657,1
DA:659,1
DA:660,1
DA:661,1
DA:662,1
DA:663,1
DA:667,1
DA:670,1
DA:671,1
DA:672,1
DA:673,1
DA:674,1
DA:675,1
DA:676,1
DA:677,1
DA:678,1
DA:679,1
DA:680,1
DA:681,1
DA:682,1
DA:683,1
DA:684,1
DA:685,1
DA:686,1
DA:687,1
DA:688,1
DA:689,1
DA:690,1
DA:691,1
DA:692,1
DA:693,1
DA:694,1
DA:695,1
DA:696,1
DA:697,1
DA:698,1
DA:699,1
DA:700,1
DA:701,1
DA:702,1
DA:703,1
DA:704,1
DA:705,1
DA:706,1
DA:707,1
DA:708,1
DA:709,1
DA:710,1
DA:711,1
DA:712,1
DA:713,1
DA:714,1
DA:716,1
DA:717,1
DA:718,1
DA:719,1
DA:721,1
DA:722,1
DA:723,1
DA:724,1
DA:725,1
DA:729,1
DA:732,1
DA:733,1
DA:734,1
DA:735,1
DA:736,1
DA:737,1
DA:738,1
DA:739,1
DA:740,1
DA:741,1
DA:742,1
DA:743,1
DA:744,1
DA:745,1
DA:746,1
DA:747,1
DA:748,1
DA:749,1
DA:750,1
DA:751,1
DA:752,1
DA:753,1
DA:754,1
DA:755,1
DA:756,1
DA:757,1
DA:758,1
DA:759,1
DA:760,1
DA:761,1
DA:762,1
DA:763,1
DA:764,1
DA:765,1
DA:766,1
DA:767,1
DA:768,1
DA:769,1
DA:770,1
DA:771,1
DA:772,1
DA:773,1
DA:774,1
DA:775,1
DA:776,1
DA:778,1
DA:779,1
DA:780,1
DA:781,1
DA:783,1
DA:784,1
DA:785,1
DA:788,1
DA:789,1
DA:790,1
DA:791,1
DA:792,1
DA:793,1
DA:794,1
DA:795,1
DA:796,1
DA:797,1
DA:798,1
DA:799,1
DA:800,1
DA:801,1
DA:802,1
DA:803,1
DA:804,1
DA:805,1
DA:806,1
DA:807,1
DA:808,1
DA:809,1
DA:810,1
DA:811,1
DA:812,1
DA:813,1
DA:814,1
DA:815,1
DA:816,1
DA:817,1
DA:818,1
DA:819,1
DA:820,1
DA:821,1
DA:822,1
DA:823,1
DA:824,1
DA:825,1
DA:826,1
DA:827,1
DA:828,1
DA:829,1
DA:830,1
DA:831,1
DA:833,1
DA:834,1
DA:835,1
DA:836,1
DA:838,1
DA:839,1
DA:840,1
DA:841,1
DA:842,1
DA:846,1
DA:849,1
DA:850,1
DA:851,1
DA:852,1
DA:853,1
DA:854,1
DA:855,1
DA:856,1
DA:857,1
DA:858,1
DA:859,1
DA:860,1
DA:861,1
DA:862,1
DA:863,1
DA:864,1
DA:865,1
DA:866,1
DA:867,1
DA:868,1
DA:869,1
DA:870,1
DA:871,1
DA:872,1
DA:873,1
DA:874,1
DA:875,1
DA:876,1
DA:877,1
DA:878,1
DA:879,1
DA:880,1
DA:881,1
DA:882,1
DA:883,1
DA:884,1
DA:885,1
DA:886,1
DA:887,1
DA:888,1
DA:889,1
DA:890,1
DA:891,1
DA:892,1
DA:894,1
DA:895,1
DA:896,1
DA:897,1
DA:899,1
DA:900,1
DA:901,1
DA:904,1
DA:905,1
DA:906,1
DA:907,1
DA:908,1
DA:909,1
DA:910,1
DA:911,1
DA:912,1
DA:913,1
DA:914,1
DA:915,1
DA:916,1
DA:917,1
DA:918,1
DA:919,1
DA:920,1
DA:921,1
DA:922,1
DA:923,1
DA:924,1
DA:925,1
DA:926,1
DA:927,1
DA:928,1
DA:929,1
DA:930,1
DA:931,1
DA:932,1
DA:933,1
DA:934,1
DA:935,1
DA:936,1
DA:937,1
DA:938,1
DA:939,1
DA:940,1
DA:941,1
DA:942,1
DA:943,1
DA:944,1
DA:945,1
DA:947,1
DA:948,1
DA:949,1
DA:950,1
DA:952,1
DA:953,1
DA:954,1
DA:955,1
DA:956,1
DA:960,1
DA:963,1
DA:964,1
DA:965,1
DA:966,1
DA:967,1
DA:968,1
DA:969,1
DA:970,1
DA:971,1
DA:972,1
DA:973,1
DA:974,1
DA:975,1
DA:976,1
DA:977,1
DA:978,1
DA:979,1
DA:980,1
DA:981,1
DA:982,1
DA:983,1
DA:984,1
DA:985,1
DA:986,1
DA:987,1
DA:988,1
DA:989,1
DA:990,1
DA:991,1
DA:992,1
DA:993,1
DA:994,1
DA:995,1
DA:996,1
DA:997,1
DA:998,1
DA:999,1
DA:1000,1
DA:1001,1
DA:1002,1
DA:1003,1
DA:1004,1
DA:1005,1
DA:1006,1
DA:1007,1
DA:1009,1
DA:1010,1
DA:1011,1
DA:1012,1
DA:1014,1
DA:1015,1
DA:1016,1
DA:1017,1
DA:1018,1
DA:1022,1
DA:1025,1
DA:1026,1
DA:1027,1
DA:1028,1
DA:1029,1
DA:1030,1
DA:1031,1
DA:1032,1
DA:1033,1
DA:1034,1
DA:1035,1
DA:1036,1
DA:1037,1
DA:1038,1
DA:1039,1
DA:1040,1
DA:1041,1
DA:1042,1
DA:1043,1
DA:1044,1
DA:1045,1
DA:1046,1
DA:1047,1
DA:1048,1
DA:1049,1
DA:1050,1
DA:1051,1
DA:1052,1
DA:1053,1
DA:1054,1
DA:1055,1
DA:1056,1
DA:1057,1
DA:1058,1
DA:1059,1
DA:1060,1
DA:1061,1
DA:1062,1
DA:1063,1
DA:1064,1
DA:1065,1
DA:1066,1
DA:1068,1
DA:1069,1
DA:1070,1
DA:1071,1
DA:1073,1
DA:1074,1
DA:1075,1
DA:1076,1
DA:1077,1
DA:1081,1
DA:1084,1
DA:1085,1
DA:1086,1
DA:1087,1
DA:1088,1
DA:1089,1
DA:1090,1
DA:1091,1
DA:1092,1
DA:1093,1
DA:1094,1
DA:1095,1
DA:1096,1
DA:1097,1
DA:1098,1
DA:1099,1
DA:1100,1
DA:1101,1
DA:1102,1
DA:1103,1
DA:1104,1
DA:1105,1
DA:1106,1
DA:1107,1
DA:1108,1
DA:1109,1
DA:1110,1
DA:1111,1
DA:1112,1
DA:1113,1
DA:1114,1
DA:1115,1
DA:1116,1
DA:1117,1
DA:1118,1
DA:1119,1
DA:1120,1
DA:1121,1
DA:1122,1
DA:1123,1
DA:1124,1
DA:1125,1
DA:1127,1
DA:1128,1
DA:1129,1
DA:1130,1
DA:1132,1
DA:1133,1
DA:1134,1
DA:1135,1
DA:1136,1
DA:1140,1
DA:1145,1
DA:1146,1
DA:1147,1
DA:1148,1
DA:1150,1
DA:1153,1
DA:1154,1
DA:1155,1
DA:1156,1
DA:1158,1
DA:1161,1
DA:1162,1
DA:1163,1
DA:1164,1
DA:1166,1
DA:1169,1
DA:1170,1
DA:1171,1
DA:1172,1
DA:1174,1
DA:1177,1
DA:1178,1
DA:1179,1
DA:1180,1
DA:1182,1
DA:1185,1
DA:1186,1
DA:1187,1
DA:1190,1
DA:1192,1
DA:1193,1
DA:1196,1
DA:1197,1
DA:1198,1
DA:1201,1
DA:1202,1
DA:1203,1
DA:1204,1
DA:1205,1
DA:1206,1
DA:1207,1
DA:1208,1
DA:1209,1
DA:1210,1
DA:1211,1
DA:1212,1
DA:1213,1
DA:1214,1
DA:1215,1
DA:1216,1
DA:1217,1
DA:1218,1
DA:1219,1
DA:1220,1
DA:1221,1
DA:1222,1
DA:1223,1
DA:1224,1
DA:1225,1
DA:1226,1
DA:1227,1
DA:1228,1
DA:1229,1
DA:1230,1
DA:1231,1
DA:1232,1
DA:1233,1
DA:1234,1
DA:1235,1
DA:1236,1
DA:1237,1
DA:1238,1
DA:1239,1
DA:1240,1
DA:1241,1
DA:1242,1
DA:1243,1
DA:1244,1
DA:1245,1
DA:1246,1
DA:1247,1
DA:1248,1
DA:1249,1
DA:1250,1
DA:1251,1
DA:1252,1
DA:1253,1
DA:1254,1
DA:1255,1
DA:1256,1
DA:1257,1
DA:1258,1
DA:1259,1
DA:1260,1
DA:1261,1
DA:1262,1
DA:1263,1
DA:1264,1
DA:1265,1
DA:1266,1
DA:1267,1
DA:1268,1
DA:1269,1
DA:1270,1
DA:1271,1
DA:1272,1
DA:1273,1
DA:1274,1
DA:1275,1
DA:1276,1
DA:1277,1
DA:1278,1
DA:1279,1
DA:1280,1
DA:1281,1
DA:1282,1
DA:1283,1
DA:1284,1
DA:1285,1
DA:1286,1
DA:1288,1
DA:1289,1
DA:1290,1
DA:1292,1
DA:1293,1
DA:1294,1
DA:1297,1
DA:1298,1
DA:1299,1
DA:1300,1
DA:1301,1
DA:1302,1
DA:1303,1
DA:1304,1
DA:1305,1
DA:1306,1
DA:1307,1
DA:1308,1
DA:1310,1
DA:1311,1
DA:1312,1
DA:1314,1
DA:1316,1
DA:1317,1
DA:1320,1
DA:1321,1
DA:1322,1
DA:1323,1
DA:1324,1
DA:1325,1
DA:1326,1
DA:1327,1
DA:1328,1
DA:1329,1
DA:1330,1
DA:1331,1
DA:1332,1
DA:1333,1
DA:1334,1
DA:1335,1
DA:1336,1
DA:1337,1
DA:1338,1
DA:1339,1
DA:1340,1
DA:1341,1
DA:1342,1
DA:1343,1
DA:1344,1
DA:1345,1
DA:1346,1
DA:1347,1
DA:1348,1
DA:1349,1
DA:1350,1
DA:1351,1
DA:1352,1
DA:1353,1
DA:1354,1
DA:1355,1
DA:1356,1
DA:1357,1
DA:1358,1
DA:1359,1
DA:1360,1
DA:1361,1
DA:1363,1
DA:1364,1
DA:1365,1
DA:1367,1
DA:1368,1
DA:1369,1
DA:1370,1
DA:1371,1
DA:1375,1
DA:1378,1
DA:1379,1
DA:1380,1
DA:1381,1
DA:1382,1
DA:1383,1
DA:1384,1
DA:1385,1
DA:1386,1
DA:1387,1
DA:1388,1
DA:1389,1
DA:1390,1
DA:1391,1
DA:1392,1
DA:1393,1
DA:1394,1
DA:1395,1
DA:1396,1
DA:1397,1
DA:1398,1
DA:1399,1
DA:1400,1
DA:1401,1
DA:1402,1
DA:1403,1
DA:1404,1
DA:1405,1
DA:1406,1
DA:1407,1
DA:1408,1
DA:1409,1
DA:1410,1
DA:1411,1
DA:1412,1
DA:1413,1
DA:1414,1
DA:1415,1
DA:1416,1
DA:1417,1
DA:1418,1
DA:1419,1
DA:1421,1
DA:1422,1
DA:1423,1
DA:1424,1
DA:1426,1
DA:1427,1
DA:1428,1
DA:1429,1
DA:1430,1
DA:1434,1
DA:1437,1
DA:1438,1
DA:1439,1
DA:1440,1
DA:1441,1
DA:1442,1
DA:1443,1
DA:1444,1
DA:1445,1
DA:1446,1
DA:1447,1
DA:1448,1
DA:1449,1
DA:1450,1
DA:1451,1
DA:1452,1
DA:1453,1
DA:1454,1
DA:1455,1
DA:1456,1
DA:1457,1
DA:1458,1
DA:1459,1
DA:1460,1
DA:1461,1
DA:1462,1
DA:1463,1
DA:1464,1
DA:1465,1
DA:1466,1
DA:1467,1
DA:1468,1
DA:1469,1
DA:1470,1
DA:1471,1
DA:1472,1
DA:1473,1
DA:1474,1
DA:1475,1
DA:1476,1
DA:1477,1
DA:1478,1
DA:1480,1
DA:1481,1
DA:1482,1
DA:1483,1
DA:1485,1
DA:1486,1
DA:1487,1
DA:1491,1
DA:1494,1
DA:1495,1
DA:1496,1
DA:1497,1
DA:1498,1
DA:1499,1
DA:1500,1
DA:1501,1
DA:1502,1
DA:1503,1
DA:1504,1
DA:1505,1
DA:1506,1
DA:1507,1
DA:1508,1
DA:1509,1
DA:1510,1
DA:1511,1
DA:1512,1
DA:1513,1
DA:1514,1
DA:1515,1
DA:1516,1
DA:1517,1
DA:1518,1
DA:1519,1
DA:1520,1
DA:1521,1
DA:1522,1
DA:1523,1
DA:1524,1
DA:1525,1
DA:1526,1
DA:1527,1
DA:1528,1
DA:1529,1
DA:1530,1
DA:1531,1
DA:1532,1
DA:1533,1
DA:1534,1
DA:1535,1
DA:1537,1
DA:1538,1
DA:1539,1
DA:1541,1
DA:1542,1
DA:1543,1
DA:1547,1
DA:1550,1
DA:1551,1
DA:1552,1
DA:1553,1
DA:1554,1
DA:1555,1
DA:1556,1
DA:1557,1
DA:1558,1
DA:1559,1
DA:1560,1
DA:1561,1
DA:1562,1
DA:1563,1
DA:1564,1
DA:1565,1
DA:1566,1
DA:1567,1
DA:1568,1
DA:1569,1
DA:1570,1
DA:1571,1
DA:1572,1
DA:1573,1
DA:1574,1
DA:1575,1
DA:1576,1
DA:1577,1
DA:1578,1
DA:1579,1
DA:1580,1
DA:1581,1
DA:1582,1
DA:1583,1
DA:1584,1
DA:1585,1
DA:1586,1
DA:1587,1
DA:1588,1
DA:1589,1
DA:1590,1
DA:1591,1
DA:1593,1
DA:1594,1
DA:1595,1
DA:1596,1
DA:1598,1
DA:1599,1
DA:1600,1
DA:1604,1
DA:1607,1
DA:1608,1
DA:1609,1
DA:1610,1
DA:1611,1
DA:1612,1
DA:1613,1
DA:1614,1
DA:1615,1
DA:1616,1
DA:1617,1
DA:1618,1
DA:1619,1
DA:1620,1
DA:1621,1
DA:1622,1
DA:1623,1
DA:1624,1
DA:1625,1
DA:1626,1
DA:1627,1
DA:1628,1
DA:1629,1
DA:1630,1
DA:1631,1
DA:1632,1
DA:1633,1
DA:1634,1
DA:1635,1
DA:1636,1
DA:1637,1
DA:1638,1
DA:1639,1
DA:1640,1
DA:1641,1
DA:1642,1
DA:1643,1
DA:1644,1
DA:1645,1
DA:1646,1
DA:1647,1
DA:1648,1
DA:1649,1
DA:1650,1
DA:1651,1
DA:1653,1
DA:1654,1
DA:1655,1
DA:1656,1
DA:1658,1
DA:1659,1
DA:1660,1
DA:1664,1
DA:1667,1
DA:1668,1
DA:1669,1
DA:1670,1
DA:1671,1
DA:1672,1
DA:1673,1
DA:1674,1
DA:1675,1
DA:1676,1
DA:1677,1
DA:1678,1
DA:1679,1
DA:1680,1
DA:1681,1
DA:1682,1
DA:1683,1
DA:1684,1
DA:1685,1
DA:1686,1
DA:1687,1
DA:1688,1
DA:1689,1
DA:1690,1
DA:1691,1
DA:1692,1
DA:1693,1
DA:1694,1
DA:1695,1
DA:1696,1
DA:1697,1
DA:1698,1
DA:1699,1
DA:1700,1
DA:1701,1
DA:1702,1
DA:1703,1
DA:1704,1
DA:1705,1
DA:1706,1
DA:1707,1
DA:1708,1
DA:1709,1
DA:1710,1
DA:1711,1
DA:1713,1
DA:1714,1
DA:1715,1
DA:1716,1
DA:1718,1
DA:1719,1
DA:1720,1
DA:1724,1
BRF:0
BRH:0
LF:1521
LH:1505
end_of_record
SF:/home/jc/git/fhir-autotest/fhir-ig-test-generator/src/test_helpers.rs
FN:6,_RNvNtCsl0WY4FsqnHe_13fhir_autotest12test_helpers22create_test_ig_package
FN:208,_RNvNtCsl0WY4FsqnHe_13fhir_autotest12test_helpers31create_extended_test_ig_package
FN:6,_RNvNtCsjv21AyyWKm0_13fhir_autotest12test_helpers22create_test_ig_package
FN:208,_RNvNtCsjv21AyyWKm0_13fhir_autotest12test_helpers31create_extended_test_ig_package
FNDA:11,_RNvNtCsl0WY4FsqnHe_13fhir_autotest12test_helpers22create_test_ig_package
FNDA:0,_RNvNtCsl0WY4FsqnHe_13fhir_autotest12test_helpers31create_extended_test_ig_package
FNDA:10,_RNvNtCsjv21AyyWKm0_13fhir_autotest12test_helpers22create_test_ig_package
FNDA:7,_RNvNtCsjv21AyyWKm0_13fhir_autotest12test_helpers31create_extended_test_ig_package
FNF:2
FNH:2
DA:6,21
DA:7,21
DA:8,21
DA:9,21
DA:10,21
DA:11,21
DA:12,21
DA:13,21
DA:14,21
DA:15,21
DA:16,21
DA:17,21
DA:18,21
DA:19,21
DA:20,21
DA:21,21
DA:22,21
DA:23,21
DA:24,21
DA:25,21
DA:26,21
DA:27,21
DA:28,21
DA:29,21
DA:30,21
DA:31,21
DA:32,21
DA:33,21
DA:34,21
DA:35,21
DA:36,21
DA:37,21
DA:38,21
DA:39,21
DA:40,21
DA:41,21
DA:42,21
DA:43,21
DA:44,21
DA:45,21
DA:47,21
DA:48,21
DA:49,21
DA:50,21
DA:51,21
DA:52,21
DA:53,21
DA:54,21
DA:55,21
DA:56,21
DA:57,21
DA:58,21
DA:59,21
DA:60,21
DA:61,21
DA:62,21
DA:63,21
DA:64,21
DA:65,21
DA:66,21
DA:67,21
DA:68,21
DA:69,21
DA:70,21
DA:71,21
DA:72,21
DA:73,21
DA:74,21
DA:75,21
DA:76,21
DA:77,21
DA:78,21
DA:79,21
DA:80,21
DA:81,21
DA:82,21
DA:83,21
DA:84,21
DA:85,21
DA:86,21
DA:87,21
DA:88,21
DA:89,21
DA:90,21
DA:91,21
DA:92,21
DA:93,21
DA:94,21
DA:96,21
DA:97,21
DA:98,21
DA:99,21
DA:100,21
DA:101,21
DA:102,21
DA:103,21
DA:104,21
DA:105,21
DA:106,21
DA:107,21
DA:108,21
DA:109,21
DA:110,21
DA:111,21
DA:112,21
DA:113,21
DA:114,21
DA:115,21
DA:116,21
DA:117,21
DA:118,21
DA:119,21
DA:120,21
DA:121,21
DA:122,21
DA:123,21
DA:124,21
DA:125,21
DA:126,21
DA:127,21
DA:128,21
DA:129,21
DA:130,21
DA:131,21
DA:132,21
DA:133,21
DA:134,21
DA:135,21
DA:136,21
DA:137,21
DA:138,21
DA:139,21
DA:140,21
DA:141,21
DA:142,21
DA:143,21
DA:144,21
DA:145,21
DA:146,21
DA:148,21
DA:149,21
DA:150,21
DA:151,21
DA:152,21
DA:153,21
DA:154,21
DA:155,21
DA:156,21
DA:158,21
DA:160,21
DA:162,21
DA:163,21
DA:164,21
DA:165,21
DA:166,21
DA:167,21
DA:168,21
DA:169,21
DA:170,21
DA:171,21
DA:172,21
DA:173,21
DA:175,84
DA:176,84
DA:177,84
DA:178,84
DA:179,84
DA:180,84
DA:181,84
DA:182,84
DA:184,21
DA:187,21
DA:188,21
DA:189,21
DA:190,21
DA:191,21
DA:192,21
DA:194,21
DA:195,21
DA:208,7
DA:209,7
DA:210,7
DA:211,7
DA:212,7
DA:213,7
DA:214,7
DA:215,7
DA:216,7
DA:217,7
DA:218,7
DA:219,7
DA:220,7
DA:221,7
DA:222,7
DA:223,7
DA:224,7
DA:225,7
DA:226,7
DA:227,7
DA:228,7
DA:229,7
DA:230,7
DA:231,7
DA:232,7
DA:233,7
DA:234,7
DA:235,7
DA:236,7
DA:237,7
DA:238,7
DA:239,7
DA:240,7
DA:241,7
DA:242,7
DA:243,7
DA:244,7
DA:245,7
DA:246,7
DA:247,7
DA:248,7
DA:249,7
DA:255,7
DA:256,7
DA:257,7
DA:258,7
DA:259,7
DA:260,7
DA:261,7
DA:262,7
DA:263,7
DA:264,7
DA:265,7
DA:266,7
DA:267,7
DA:268,7
DA:269,7
DA:270,7
DA:271,7
DA:272,7
DA:273,7
DA:274,7
DA:275,7
DA:276,7
DA:277,7
DA:278,7
DA:279,7
DA:280,7
DA:281,7
DA:282,7
DA:283,7
DA:284,7
DA:285,7
DA:286,7
DA:287,7
DA:288,7
DA:289,7
DA:290,7
DA:291,7
DA:292,7
DA:293,7
DA:294,7
DA:295,7
DA:296,7
DA:297,7
DA:298,7
DA:299,7
DA:300,7
DA:301,7
DA:302,7
DA:303,7
DA:304,7
DA:305,7
DA:306,7
DA:307,7
DA:308,7
DA:309,7
DA:310,7
DA:311,7
DA:312,7
DA:313,7
DA:314,7
DA:315,7
DA:316,7
DA:317,7
DA:318,7
DA:319,7
DA:320,7
DA:321,7
DA:322,7
DA:323,7
DA:324,7
DA:325,7
DA:326,7
DA:327,7
DA:328,7
DA:329,7
DA:330,7
DA:331,7
DA:332,7
DA:333,7
DA:334,7
DA:335,7
DA:336,7
DA:337,7
DA:338,7
DA:339,7
DA:340,7
DA:341,7
DA:342,7
DA:343,7
DA:344,7
DA:345,7
DA:346,7
DA:347,7
DA:348,7
DA:349,7
DA:352,7
DA:353,7
DA:354,7
DA:355,7
DA:356,7
DA:357,7
DA:358,7
DA:359,7
DA:360,7
DA:361,7
DA:362,7
DA:363,7
DA:364,7
DA:365,7
DA:366,7
DA:367,7
DA:368,7
DA:369,7
DA:370,7
DA:371,7
DA:372,7
DA:373,7
DA:374,7
DA:375,7
DA:376,7
DA:377,7
DA:378,7
DA:379,7
DA:380,7
DA:381,7
DA:382,7
DA:383,7
DA:384,7
DA:385,7
DA:386,7
DA:387,7
DA:388,7
DA:389,7
DA:390,7
DA:391,7
DA:392,7
DA:393,7
DA:396,7
DA:397,7
DA:398,7
DA:399,7
DA:400,7
DA:401,7
DA:402,7
DA:403,7
DA:404,7
DA:405,7
DA:406,7
DA:407,7
DA:408,7
DA:409,7
DA:410,7
DA:411,7
DA:412,7
DA:413,7
DA:414,7
DA:415,7
DA:416,7
DA:417,7
DA:418,7
DA:419,7
DA:420,7
DA:421,7
DA:422,7
DA:423,7
DA:424,7
DA:425,7
DA:426,7
DA:427,7
DA:428,7
DA:429,7
DA:430,7
DA:431,7
DA:432,7
DA:433,7
DA:434,7
DA:435,7
DA:436,7
DA:437,7
DA:438,7
DA:439,7
DA:440,7
DA:441,7
DA:442,7
DA:443,7
DA:444,7
DA:445,7
DA:446,7
DA:447,7
DA:448,7
DA:449,7
DA:450,7
DA:451,7
DA:452,7
DA:453,7
DA:456,7
DA:457,7
DA:458,7
DA:459,7
DA:460,7
DA:461,7
DA:462,7
DA:463,7
DA:464,7
DA:465,7
DA:466,7
DA:467,7
DA:468,7
DA:469,7
DA:470,7
DA:471,7
DA:472,7
DA:473,7
DA:474,7
DA:475,7
DA:476,7
DA:477,7
DA:478,7
DA:479,7
DA:480,7
DA:481,7
DA:482,7
DA:483,7
DA:484,7
DA:487,7
DA:488,7
DA:489,7
DA:490,7
DA:491,7
DA:492,7
DA:493,7
DA:494,7
DA:495,7
DA:496,7
DA:497,7
DA:498,7
DA:499,7
DA:500,7
DA:501,7
DA:502,7
DA:503,7
DA:504,7
DA:505,7
DA:506,7
DA:507,7
DA:508,7
DA:509,7
DA:510,7
DA:511,7
DA:512,7
DA:513,7
DA:514,7
DA:515,7
DA:516,7
DA:517,7
DA:518,7
DA:519,7
DA:522,7
DA:523,7
DA:524,7
DA:525,7
DA:526,7
DA:527,7
DA:528,7
DA:529,7
DA:530,7
DA:531,7
DA:532,7
DA:535,7
DA:536,7
DA:537,7
DA:538,7
DA:539,7
DA:540,7
DA:541,7
DA:542,7
DA:543,7
DA:544,7
DA:545,7
DA:548,7
DA:549,7
DA:550,7
DA:551,7
DA:552,7
DA:553,7
DA:554,7
DA:555,7
DA:556,7
DA:557,7
DA:558,7
DA:561,7
DA:562,7
DA:563,7
DA:564,7
DA:565,7
DA:566,7
DA:567,7
DA:568,7
DA:569,7
DA:570,7
DA:571,7
DA:572,7
DA:573,7
DA:575,7
DA:577,7
DA:579,7
DA:580,7
DA:581,7
DA:582,7
DA:583,7
DA:584,7
DA:585,7
DA:586,7
DA:587,7
DA:588,7
DA:589,7
DA:590,7
DA:591,7
DA:592,7
DA:593,7
DA:594,7
DA:595,7
DA:596,7
DA:597,7
DA:598,7
DA:599,7
DA:600,7
DA:601,7
DA:602,7
DA:603,7
DA:604,7
DA:605,7
DA:606,7
DA:607,7
DA:608,7
DA:609,7
DA:610,7
DA:611,7
DA:612,7
DA:613,7
DA:614,7
DA:616,70
DA:617,70
DA:618,70
DA:619,70
DA:620,70
DA:621,70
DA:622,70
DA:623,70
DA:625,7
DA:628,7
DA:629,7
DA:630,7
DA:631,7
DA:632,7
DA:633,7
DA:635,7
DA:636,7
BRF:0
BRH:0
LF:579
LH:579
end_of_record